<?xml version="1.0" encoding="utf-8"?>
<CoverageSession xmlns:xsd="http://www.w3.org/2001/XMLSchema" xmlns:xsi="http://www.w3.org/2001/XMLSchema-instance">
  <Summary numSequencePoints="433" visitedSequencePoints="406" numBranchPoints="172" visitedBranchPoints="162" sequenceCoverage="93.76" branchCoverage="94.19" maxCyclomaticComplexity="7" minCyclomaticComplexity="0" visitedClasses="16" numClasses="16" visitedMethods="105" numMethods="114" />
  <Modules>
    <Module skippedDueTo="Filter" hash="00-F3-05-6F-08-92-B6-6B-3E-5F-7D-EC-0B-D4-5C-AA-27-07-BD-32">
      <ModulePath>C:\WINDOWS\Microsoft.Net\assembly\GAC_64\mscorlib\v4.0_4.0.0.0__b77a5c561934e089\mscorlib.dll</ModulePath>
      <ModuleTime>2017-09-21T01:37:46.2523965Z</ModuleTime>
      <ModuleName>mscorlib</ModuleName>
      <Classes />
    </Module>
    <Module skippedDueTo="Filter" hash="73-2C-23-38-69-24-C6-47-B0-15-58-8D-B3-63-F3-64-AC-79-40-D5">
      <ModulePath>C:\Users\tom\OneDrive\Documents\Visual Studio 2017\Projects\contabs\packages\NUnit.ConsoleRunner.3.7.0\tools\nunit3-console.exe</ModulePath>
      <ModuleTime>2017-07-13T19:33:20Z</ModuleTime>
      <ModuleName>nunit3-console</ModuleName>
      <Classes />
    </Module>
    <Module skippedDueTo="Filter" hash="C8-98-52-CA-D9-96-CD-B5-71-37-87-EA-05-74-30-8B-36-C3-4A-5C">
      <ModulePath>C:\WINDOWS\Microsoft.Net\assembly\GAC_MSIL\System\v4.0_4.0.0.0__b77a5c561934e089\System.dll</ModulePath>
      <ModuleTime>2017-09-02T01:45:23.8311991Z</ModuleTime>
      <ModuleName>System</ModuleName>
      <Classes />
    </Module>
    <Module skippedDueTo="Filter" hash="4D-3A-F8-21-37-BF-6C-40-07-B1-F2-B3-C1-40-95-02-8B-29-D6-BF">
      <ModulePath>C:\Users\tom\OneDrive\Documents\Visual Studio 2017\Projects\contabs\packages\NUnit.ConsoleRunner.3.7.0\tools\nunit.engine.api.dll</ModulePath>
      <ModuleTime>2017-07-13T19:33:20Z</ModuleTime>
      <ModuleName>nunit.engine.api</ModuleName>
      <Classes />
    </Module>
    <Module skippedDueTo="Filter" hash="78-8A-37-55-1D-1C-A6-13-69-DB-A2-FA-8C-58-E6-62-DB-70-B5-E7">
      <ModulePath>C:\Users\tom\OneDrive\Documents\Visual Studio 2017\Projects\contabs\packages\NUnit.ConsoleRunner.3.7.0\tools\nunit.engine.dll</ModulePath>
      <ModuleTime>2017-07-13T19:33:20Z</ModuleTime>
      <ModuleName>nunit.engine</ModuleName>
      <Classes />
    </Module>
    <Module skippedDueTo="Filter" hash="78-8A-37-55-1D-1C-A6-13-69-DB-A2-FA-8C-58-E6-62-DB-70-B5-E7">
      <ModulePath>C:\Users\tom\OneDrive\Documents\Visual Studio 2017\Projects\contabs\packages\NUnit.ConsoleRunner.3.7.0\tools\nunit.engine.dll</ModulePath>
      <ModuleTime>2017-07-13T19:33:20Z</ModuleTime>
      <ModuleName>nunit.engine</ModuleName>
      <Classes />
    </Module>
    <Module skippedDueTo="Filter" hash="58-2A-4C-0C-25-69-3C-E5-E8-8F-0E-35-DB-19-D0-78-0E-D1-10-FA">
      <ModulePath>C:\WINDOWS\Microsoft.Net\assembly\GAC_MSIL\System.Xml\v4.0_4.0.0.0__b77a5c561934e089\System.Xml.dll</ModulePath>
      <ModuleTime>2017-12-08T17:43:33.3622627Z</ModuleTime>
      <ModuleName>System.Xml</ModuleName>
      <Classes />
    </Module>
    <Module skippedDueTo="Filter" hash="4B-0D-94-77-D3-E4-F2-B7-17-28-12-A3-75-B1-33-2A-7F-A3-6B-B1">
      <ModulePath>C:\WINDOWS\Microsoft.Net\assembly\GAC_64\System.Web\v4.0_4.0.0.0__b03f5f7f11d50a3a\System.Web.dll</ModulePath>
      <ModuleTime>2018-01-11T20:26:59.6553697Z</ModuleTime>
      <ModuleName>System.Web</ModuleName>
      <Classes />
    </Module>
    <Module skippedDueTo="Filter" hash="8A-2E-8F-D6-9D-39-02-4A-2F-30-FC-06-42-F7-0F-A8-32-69-07-72">
      <ModulePath>C:\Users\tom\OneDrive\Documents\Visual Studio 2017\Projects\contabs\packages\NUnit.ConsoleRunner.3.7.0\tools\Mono.Cecil.dll</ModulePath>
      <ModuleTime>2017-07-13T19:33:20Z</ModuleTime>
      <ModuleName>Mono.Cecil</ModuleName>
      <Classes />
    </Module>
    <Module skippedDueTo="Filter" hash="29-58-E1-EB-D3-F6-52-F3-E3-5D-C7-92-48-68-FA-2A-6C-78-BA-3B">
      <ModulePath>C:\WINDOWS\Microsoft.Net\assembly\GAC_MSIL\System.Runtime.Remoting\v4.0_4.0.0.0__b77a5c561934e089\System.Runtime.Remoting.dll</ModulePath>
      <ModuleTime>2017-09-05T01:21:18.3472968Z</ModuleTime>
      <ModuleName>System.Runtime.Remoting</ModuleName>
      <Classes />
    </Module>
    <Module skippedDueTo="Filter" hash="0C-91-60-C5-26-07-2E-2E-54-A1-8A-32-86-67-C5-B4-A5-93-05-F9">
      <ModulePath>C:\WINDOWS\Microsoft.Net\assembly\GAC_MSIL\System.Configuration\v4.0_4.0.0.0__b03f5f7f11d50a3a\System.Configuration.dll</ModulePath>
      <ModuleTime>2017-03-18T20:59:43.7281312Z</ModuleTime>
      <ModuleName>System.Configuration</ModuleName>
      <Classes />
    </Module>
    <Module skippedDueTo="Filter" hash="00-F3-05-6F-08-92-B6-6B-3E-5F-7D-EC-0B-D4-5C-AA-27-07-BD-32">
      <ModulePath>C:\WINDOWS\Microsoft.Net\assembly\GAC_64\mscorlib\v4.0_4.0.0.0__b77a5c561934e089\mscorlib.dll</ModulePath>
      <ModuleTime>2017-09-21T01:37:46.2523965Z</ModuleTime>
      <ModuleName>mscorlib</ModuleName>
      <Classes />
    </Module>
    <Module skippedDueTo="Filter" hash="F5-B4-D0-7A-07-D3-FB-8D-44-18-EB-94-5A-2A-C5-32-D7-96-48-25">
      <ModulePath>C:\Users\tom\OneDrive\Documents\Visual Studio 2017\Projects\contabs\packages\NUnit.ConsoleRunner.3.7.0\tools\nunit-agent.exe</ModulePath>
      <ModuleTime>2017-07-13T19:33:20Z</ModuleTime>
      <ModuleName>nunit-agent</ModuleName>
      <Classes />
    </Module>
    <Module skippedDueTo="Filter" hash="78-8A-37-55-1D-1C-A6-13-69-DB-A2-FA-8C-58-E6-62-DB-70-B5-E7">
      <ModulePath>C:\Users\tom\OneDrive\Documents\Visual Studio 2017\Projects\contabs\packages\NUnit.ConsoleRunner.3.7.0\tools\nunit.engine.dll</ModulePath>
      <ModuleTime>2017-07-13T19:33:20Z</ModuleTime>
      <ModuleName>nunit.engine</ModuleName>
      <Classes />
    </Module>
    <Module skippedDueTo="Filter" hash="4D-3A-F8-21-37-BF-6C-40-07-B1-F2-B3-C1-40-95-02-8B-29-D6-BF">
      <ModulePath>C:\Users\tom\OneDrive\Documents\Visual Studio 2017\Projects\contabs\packages\NUnit.ConsoleRunner.3.7.0\tools\nunit.engine.api.dll</ModulePath>
      <ModuleTime>2017-07-13T19:33:20Z</ModuleTime>
      <ModuleName>nunit.engine.api</ModuleName>
      <Classes />
    </Module>
    <Module skippedDueTo="Filter" hash="C8-98-52-CA-D9-96-CD-B5-71-37-87-EA-05-74-30-8B-36-C3-4A-5C">
      <ModulePath>C:\WINDOWS\Microsoft.Net\assembly\GAC_MSIL\System\v4.0_4.0.0.0__b77a5c561934e089\System.dll</ModulePath>
      <ModuleTime>2017-09-02T01:45:23.8311991Z</ModuleTime>
      <ModuleName>System</ModuleName>
      <Classes />
    </Module>
    <Module skippedDueTo="Filter" hash="58-2A-4C-0C-25-69-3C-E5-E8-8F-0E-35-DB-19-D0-78-0E-D1-10-FA">
      <ModulePath>C:\WINDOWS\Microsoft.Net\assembly\GAC_MSIL\System.Xml\v4.0_4.0.0.0__b77a5c561934e089\System.Xml.dll</ModulePath>
      <ModuleTime>2017-12-08T17:43:33.3622627Z</ModuleTime>
      <ModuleName>System.Xml</ModuleName>
      <Classes />
    </Module>
    <Module skippedDueTo="Filter" hash="4B-0D-94-77-D3-E4-F2-B7-17-28-12-A3-75-B1-33-2A-7F-A3-6B-B1">
      <ModulePath>C:\WINDOWS\Microsoft.Net\assembly\GAC_64\System.Web\v4.0_4.0.0.0__b03f5f7f11d50a3a\System.Web.dll</ModulePath>
      <ModuleTime>2018-01-11T20:26:59.6553697Z</ModuleTime>
      <ModuleName>System.Web</ModuleName>
      <Classes />
    </Module>
    <Module skippedDueTo="Filter" hash="8A-2E-8F-D6-9D-39-02-4A-2F-30-FC-06-42-F7-0F-A8-32-69-07-72">
      <ModulePath>C:\Users\tom\OneDrive\Documents\Visual Studio 2017\Projects\contabs\packages\NUnit.ConsoleRunner.3.7.0\tools\Mono.Cecil.dll</ModulePath>
      <ModuleTime>2017-07-13T19:33:20Z</ModuleTime>
      <ModuleName>Mono.Cecil</ModuleName>
      <Classes />
    </Module>
    <Module skippedDueTo="Filter" hash="29-58-E1-EB-D3-F6-52-F3-E3-5D-C7-92-48-68-FA-2A-6C-78-BA-3B">
      <ModulePath>C:\WINDOWS\Microsoft.Net\assembly\GAC_MSIL\System.Runtime.Remoting\v4.0_4.0.0.0__b77a5c561934e089\System.Runtime.Remoting.dll</ModulePath>
      <ModuleTime>2017-09-05T01:21:18.3472968Z</ModuleTime>
      <ModuleName>System.Runtime.Remoting</ModuleName>
      <Classes />
    </Module>
    <Module skippedDueTo="Filter" hash="0C-91-60-C5-26-07-2E-2E-54-A1-8A-32-86-67-C5-B4-A5-93-05-F9">
      <ModulePath>C:\WINDOWS\Microsoft.Net\assembly\GAC_MSIL\System.Configuration\v4.0_4.0.0.0__b03f5f7f11d50a3a\System.Configuration.dll</ModulePath>
      <ModuleTime>2017-03-18T20:59:43.7281312Z</ModuleTime>
      <ModuleName>System.Configuration</ModuleName>
      <Classes />
    </Module>
    <Module skippedDueTo="Filter" hash="46-8F-73-28-B5-95-50-DA-6E-FF-25-AE-F6-51-AB-FE-4C-9F-AE-E2">
      <ModulePath>C:\Users\tom\OneDrive\Documents\Visual Studio 2017\Projects\contabs\ConTabs.Tests\bin\debug\nunit.framework.dll</ModulePath>
      <ModuleTime>2017-08-28T20:09:36Z</ModuleTime>
      <ModuleName>nunit.framework</ModuleName>
      <Classes />
    </Module>
    <Module skippedDueTo="Filter" hash="C8-98-52-CA-D9-96-CD-B5-71-37-87-EA-05-74-30-8B-36-C3-4A-5C">
      <ModulePath>C:\WINDOWS\Microsoft.Net\assembly\GAC_MSIL\System\v4.0_4.0.0.0__b77a5c561934e089\System.dll</ModulePath>
      <ModuleTime>2017-09-02T01:45:23.8311991Z</ModuleTime>
      <ModuleName>System</ModuleName>
      <Classes />
    </Module>
    <Module skippedDueTo="Filter" hash="44-31-A6-EA-E5-AC-20-AB-29-FA-FB-F0-98-90-32-58-AB-0B-83-7D">
      <ModulePath>C:\WINDOWS\Microsoft.Net\assembly\GAC_MSIL\System.Core\v4.0_4.0.0.0__b77a5c561934e089\System.Core.dll</ModulePath>
      <ModuleTime>2017-10-25T07:40:48.7191437Z</ModuleTime>
      <ModuleName>System.Core</ModuleName>
      <Classes />
    </Module>
    <Module skippedDueTo="Filter" hash="78-8A-37-55-1D-1C-A6-13-69-DB-A2-FA-8C-58-E6-62-DB-70-B5-E7">
      <ModulePath>C:\Users\tom\OneDrive\Documents\Visual Studio 2017\Projects\contabs\ConTabs.Tests\bin\debug\nunit.engine.dll</ModulePath>
      <ModuleTime>2017-07-19T12:08:38Z</ModuleTime>
      <ModuleName>nunit.engine</ModuleName>
      <Classes />
    </Module>
    <Module skippedDueTo="Filter" hash="4B-0D-94-77-D3-E4-F2-B7-17-28-12-A3-75-B1-33-2A-7F-A3-6B-B1">
      <ModulePath>C:\WINDOWS\Microsoft.Net\assembly\GAC_64\System.Web\v4.0_4.0.0.0__b03f5f7f11d50a3a\System.Web.dll</ModulePath>
      <ModuleTime>2018-01-11T20:26:59.6553697Z</ModuleTime>
      <ModuleName>System.Web</ModuleName>
      <Classes />
    </Module>
    <Module skippedDueTo="Filter" hash="05-04-A7-93-1D-CD-92-CF-19-0E-3B-9E-6C-DC-42-6E-80-E1-DF-B5">
      <ModulePath>C:\Users\tom\OneDrive\Documents\Visual Studio 2017\Projects\contabs\ConTabs.Tests\bin\debug\ConTabs.Tests.dll</ModulePath>
      <ModuleTime>2018-01-11T21:57:13.5112012Z</ModuleTime>
      <ModuleName>ConTabs.Tests</ModuleName>
      <Classes />
    </Module>
    <Module skippedDueTo="Filter" hash="58-2A-4C-0C-25-69-3C-E5-E8-8F-0E-35-DB-19-D0-78-0E-D1-10-FA">
      <ModulePath>C:\WINDOWS\Microsoft.Net\assembly\GAC_MSIL\System.Xml\v4.0_4.0.0.0__b77a5c561934e089\System.Xml.dll</ModulePath>
      <ModuleTime>2017-12-08T17:43:33.3622627Z</ModuleTime>
      <ModuleName>System.Xml</ModuleName>
      <Classes />
    </Module>
    <Module skippedDueTo="Filter" hash="44-ED-F5-34-02-F9-AB-AA-AE-ED-57-5C-2C-C8-61-E2-60-67-0B-31">
      <ModulePath>C:\Users\tom\OneDrive\Documents\Visual Studio 2017\Projects\contabs\ConTabs.Tests\bin\debug\ConTabsTestData.dll</ModulePath>
      <ModuleTime>2018-01-11T21:57:11.7297603Z</ModuleTime>
      <ModuleName>ConTabsTestData</ModuleName>
      <Classes />
    </Module>
    <Module skippedDueTo="Filter" hash="63-02-4A-CB-0D-89-B1-A5-EB-F8-7B-AB-52-77-A5-45-B8-9D-6B-8F">
      <ModulePath>C:\WINDOWS\Microsoft.Net\assembly\GAC_MSIL\System.Runtime\v4.0_4.0.0.0__b03f5f7f11d50a3a\System.Runtime.dll</ModulePath>
      <ModuleTime>2017-03-18T20:59:43.9469001Z</ModuleTime>
      <ModuleName>System.Runtime</ModuleName>
      <Classes />
    </Module>
    <Module skippedDueTo="Filter" hash="2F-2D-15-1B-6D-49-89-92-78-0A-0D-90-DB-18-08-79-54-D3-E6-67">
      <ModulePath>C:\WINDOWS\Microsoft.Net\assembly\GAC_MSIL\System.Collections\v4.0_4.0.0.0__b03f5f7f11d50a3a\System.Collections.dll</ModulePath>
      <ModuleTime>2017-03-18T20:59:46.0564541Z</ModuleTime>
      <ModuleName>System.Collections</ModuleName>
      <Classes />
    </Module>
    <Module hash="62-0E-48-E6-17-A5-67-F5-1B-20-65-E7-89-28-1A-1E-92-EE-B5-68">
      <Summary numSequencePoints="433" visitedSequencePoints="406" numBranchPoints="172" visitedBranchPoints="162" sequenceCoverage="93.76" branchCoverage="94.19" maxCyclomaticComplexity="7" minCyclomaticComplexity="0" visitedClasses="16" numClasses="16" visitedMethods="105" numMethods="114" />
      <ModulePath>C:\Users\tom\OneDrive\Documents\Visual Studio 2017\Projects\contabs\ConTabs.Tests\bin\debug\ConTabs.dll</ModulePath>
      <ModuleTime>2018-01-11T21:57:12.4954696Z</ModuleTime>
      <ModuleName>ConTabs</ModuleName>
      <Files>
        <File uid="1" fullPath="C:\Users\tom\OneDrive\Documents\Visual Studio 2017\Projects\contabs\ConTabs\Column.cs" />
        <File uid="3" fullPath="C:\Users\tom\OneDrive\Documents\Visual Studio 2017\Projects\contabs\ConTabs\Columns.cs" />
        <File uid="4" fullPath="C:\Users\tom\OneDrive\Documents\Visual Studio 2017\Projects\contabs\ConTabs\Corners.cs" />
        <File uid="5" fullPath="C:\Users\tom\OneDrive\Documents\Visual Studio 2017\Projects\contabs\ConTabs\LongStringBehaviour.cs" />
        <File uid="6" fullPath="C:\Users\tom\OneDrive\Documents\Visual Studio 2017\Projects\contabs\ConTabs\Table.cs" />
        <File uid="7" fullPath="C:\Users\tom\OneDrive\Documents\Visual Studio 2017\Projects\contabs\ConTabs\OutputBuilder.cs" />
        <File uid="14" fullPath="C:\Users\tom\OneDrive\Documents\Visual Studio 2017\Projects\contabs\ConTabs\Styles.cs" />
        <File uid="15" fullPath="C:\Users\tom\OneDrive\Documents\Visual Studio 2017\Projects\contabs\ConTabs\Exceptions\ColumnNotFoundException.cs" />
        <File uid="16" fullPath="C:\Users\tom\OneDrive\Documents\Visual Studio 2017\Projects\contabs\ConTabs\Exceptions\PublicPropertiesNotFoundException.cs" />
      </Files>
      <Classes>
        <Class>
          <Summary numSequencePoints="0" visitedSequencePoints="0" numBranchPoints="0" visitedBranchPoints="0" sequenceCoverage="0" branchCoverage="0" maxCyclomaticComplexity="0" minCyclomaticComplexity="0" visitedClasses="0" numClasses="0" visitedMethods="0" numMethods="0" />
          <FullName>&lt;Module&gt;</FullName>
          <Methods />
        </Class>
        <Class>
          <Summary numSequencePoints="42" visitedSequencePoints="42" numBranchPoints="26" visitedBranchPoints="26" sequenceCoverage="100" branchCoverage="100" maxCyclomaticComplexity="5" minCyclomaticComplexity="1" visitedClasses="1" numClasses="1" visitedMethods="18" numMethods="18" />
          <FullName>ConTabs.Column</FullName>
          <Methods>
            <Method visited="true" cyclomaticComplexity="1" nPathComplexity="0" sequenceCoverage="100" branchCoverage="100" isConstructor="false" isStatic="false" isGetter="true" isSetter="false">
              <Summary numSequencePoints="1" visitedSequencePoints="1" numBranchPoints="1" visitedBranchPoints="1" sequenceCoverage="100" branchCoverage="100" maxCyclomaticComplexity="1" minCyclomaticComplexity="1" visitedClasses="0" numClasses="0" visitedMethods="1" numMethods="1" />
              <MetadataToken>100663297</MetadataToken>
              <Name>System.Type ConTabs.Column::get_SourceType()</Name>
              <FileRef uid="1" />
              <SequencePoints>
                <SequencePoint vc="263" uspid="1" ordinal="0" offset="0" sl="12" sc="34" el="12" ec="38" bec="0" bev="0" fileid="1" />
              </SequencePoints>
              <BranchPoints />
              <MethodPoint xsi:type="SequencePoint" vc="263" uspid="1" ordinal="0" offset="0" sl="12" sc="34" el="12" ec="38" bec="0" bev="0" fileid="1" />
            </Method>
            <Method visited="true" cyclomaticComplexity="1" nPathComplexity="0" sequenceCoverage="100" branchCoverage="100" isConstructor="false" isStatic="false" isGetter="false" isSetter="true">
              <Summary numSequencePoints="1" visitedSequencePoints="1" numBranchPoints="1" visitedBranchPoints="1" sequenceCoverage="100" branchCoverage="100" maxCyclomaticComplexity="1" minCyclomaticComplexity="1" visitedClasses="0" numClasses="0" visitedMethods="1" numMethods="1" />
              <MetadataToken>100663298</MetadataToken>
              <Name>System.Void ConTabs.Column::set_SourceType(System.Type)</Name>
              <FileRef uid="1" />
              <SequencePoints>
                <SequencePoint vc="111" uspid="2" ordinal="0" offset="0" sl="12" sc="39" el="12" ec="43" bec="0" bev="0" fileid="1" />
              </SequencePoints>
              <BranchPoints />
              <MethodPoint xsi:type="SequencePoint" vc="111" uspid="2" ordinal="0" offset="0" sl="12" sc="39" el="12" ec="43" bec="0" bev="0" fileid="1" />
            </Method>
            <Method visited="true" cyclomaticComplexity="1" nPathComplexity="0" sequenceCoverage="100" branchCoverage="100" isConstructor="false" isStatic="false" isGetter="true" isSetter="false">
              <Summary numSequencePoints="1" visitedSequencePoints="1" numBranchPoints="1" visitedBranchPoints="1" sequenceCoverage="100" branchCoverage="100" maxCyclomaticComplexity="1" minCyclomaticComplexity="1" visitedClasses="0" numClasses="0" visitedMethods="1" numMethods="1" />
              <MetadataToken>100663299</MetadataToken>
              <Name>System.String ConTabs.Column::get_PropertyName()</Name>
              <FileRef uid="1" />
              <SequencePoints>
                <SequencePoint vc="156" uspid="3" ordinal="0" offset="0" sl="13" sc="38" el="13" ec="42" bec="0" bev="0" fileid="1" />
              </SequencePoints>
              <BranchPoints />
              <MethodPoint xsi:type="SequencePoint" vc="156" uspid="3" ordinal="0" offset="0" sl="13" sc="38" el="13" ec="42" bec="0" bev="0" fileid="1" />
            </Method>
            <Method visited="true" cyclomaticComplexity="1" nPathComplexity="0" sequenceCoverage="100" branchCoverage="100" isConstructor="false" isStatic="false" isGetter="false" isSetter="true">
              <Summary numSequencePoints="1" visitedSequencePoints="1" numBranchPoints="1" visitedBranchPoints="1" sequenceCoverage="100" branchCoverage="100" maxCyclomaticComplexity="1" minCyclomaticComplexity="1" visitedClasses="0" numClasses="0" visitedMethods="1" numMethods="1" />
              <MetadataToken>100663300</MetadataToken>
              <Name>System.Void ConTabs.Column::set_PropertyName(System.String)</Name>
              <FileRef uid="1" />
              <SequencePoints>
                <SequencePoint vc="111" uspid="4" ordinal="0" offset="0" sl="13" sc="43" el="13" ec="55" bec="0" bev="0" fileid="1" />
              </SequencePoints>
              <BranchPoints />
              <MethodPoint xsi:type="SequencePoint" vc="111" uspid="4" ordinal="0" offset="0" sl="13" sc="43" el="13" ec="55" bec="0" bev="0" fileid="1" />
            </Method>
            <Method visited="true" cyclomaticComplexity="1" nPathComplexity="0" sequenceCoverage="100" branchCoverage="100" isConstructor="false" isStatic="false" isGetter="true" isSetter="false">
              <Summary numSequencePoints="1" visitedSequencePoints="1" numBranchPoints="1" visitedBranchPoints="1" sequenceCoverage="100" branchCoverage="100" maxCyclomaticComplexity="1" minCyclomaticComplexity="1" visitedClasses="0" numClasses="0" visitedMethods="1" numMethods="1" />
              <MetadataToken>100663301</MetadataToken>
              <Name>System.String ConTabs.Column::get_ColumnName()</Name>
              <FileRef uid="1" />
              <SequencePoints>
                <SequencePoint vc="285" uspid="5" ordinal="0" offset="0" sl="14" sc="36" el="14" ec="40" bec="0" bev="0" fileid="1" />
              </SequencePoints>
              <BranchPoints />
              <MethodPoint xsi:type="SequencePoint" vc="285" uspid="5" ordinal="0" offset="0" sl="14" sc="36" el="14" ec="40" bec="0" bev="0" fileid="1" />
            </Method>
            <Method visited="true" cyclomaticComplexity="1" nPathComplexity="0" sequenceCoverage="100" branchCoverage="100" isConstructor="false" isStatic="false" isGetter="false" isSetter="true">
              <Summary numSequencePoints="1" visitedSequencePoints="1" numBranchPoints="1" visitedBranchPoints="1" sequenceCoverage="100" branchCoverage="100" maxCyclomaticComplexity="1" minCyclomaticComplexity="1" visitedClasses="0" numClasses="0" visitedMethods="1" numMethods="1" />
              <MetadataToken>100663302</MetadataToken>
              <Name>System.Void ConTabs.Column::set_ColumnName(System.String)</Name>
              <FileRef uid="1" />
              <SequencePoints>
                <SequencePoint vc="113" uspid="6" ordinal="0" offset="0" sl="14" sc="41" el="14" ec="45" bec="0" bev="0" fileid="1" />
              </SequencePoints>
              <BranchPoints />
              <MethodPoint xsi:type="SequencePoint" vc="113" uspid="6" ordinal="0" offset="0" sl="14" sc="41" el="14" ec="45" bec="0" bev="0" fileid="1" />
            </Method>
            <Method visited="true" cyclomaticComplexity="1" nPathComplexity="0" sequenceCoverage="100" branchCoverage="100" isConstructor="false" isStatic="false" isGetter="true" isSetter="false">
              <Summary numSequencePoints="1" visitedSequencePoints="1" numBranchPoints="1" visitedBranchPoints="1" sequenceCoverage="100" branchCoverage="100" maxCyclomaticComplexity="1" minCyclomaticComplexity="1" visitedClasses="0" numClasses="0" visitedMethods="1" numMethods="1" />
              <MetadataToken>100663303</MetadataToken>
              <Name>System.String ConTabs.Column::get_FormatString()</Name>
              <FileRef uid="1" />
              <SequencePoints>
                <SequencePoint vc="94" uspid="7" ordinal="0" offset="0" sl="15" sc="38" el="15" ec="42" bec="0" bev="0" fileid="1" />
              </SequencePoints>
              <BranchPoints />
              <MethodPoint xsi:type="SequencePoint" vc="94" uspid="7" ordinal="0" offset="0" sl="15" sc="38" el="15" ec="42" bec="0" bev="0" fileid="1" />
            </Method>
            <Method visited="true" cyclomaticComplexity="1" nPathComplexity="0" sequenceCoverage="100" branchCoverage="100" isConstructor="false" isStatic="false" isGetter="false" isSetter="true">
              <Summary numSequencePoints="1" visitedSequencePoints="1" numBranchPoints="1" visitedBranchPoints="1" sequenceCoverage="100" branchCoverage="100" maxCyclomaticComplexity="1" minCyclomaticComplexity="1" visitedClasses="0" numClasses="0" visitedMethods="1" numMethods="1" />
              <MetadataToken>100663304</MetadataToken>
              <Name>System.Void ConTabs.Column::set_FormatString(System.String)</Name>
              <FileRef uid="1" />
              <SequencePoints>
                <SequencePoint vc="7" uspid="8" ordinal="0" offset="0" sl="15" sc="43" el="15" ec="47" bec="0" bev="0" fileid="1" />
              </SequencePoints>
              <BranchPoints />
              <MethodPoint xsi:type="SequencePoint" vc="7" uspid="8" ordinal="0" offset="0" sl="15" sc="43" el="15" ec="47" bec="0" bev="0" fileid="1" />
            </Method>
            <Method visited="true" cyclomaticComplexity="1" nPathComplexity="0" sequenceCoverage="100" branchCoverage="100" isConstructor="false" isStatic="false" isGetter="true" isSetter="false">
              <Summary numSequencePoints="1" visitedSequencePoints="1" numBranchPoints="1" visitedBranchPoints="1" sequenceCoverage="100" branchCoverage="100" maxCyclomaticComplexity="1" minCyclomaticComplexity="1" visitedClasses="0" numClasses="0" visitedMethods="1" numMethods="1" />
              <MetadataToken>100663305</MetadataToken>
              <Name>System.Boolean ConTabs.Column::get_Hide()</Name>
              <FileRef uid="1" />
              <SequencePoints>
                <SequencePoint vc="1541" uspid="9" ordinal="0" offset="0" sl="16" sc="28" el="16" ec="32" bec="0" bev="0" fileid="1" />
              </SequencePoints>
              <BranchPoints />
              <MethodPoint xsi:type="SequencePoint" vc="1541" uspid="9" ordinal="0" offset="0" sl="16" sc="28" el="16" ec="32" bec="0" bev="0" fileid="1" />
            </Method>
            <Method visited="true" cyclomaticComplexity="1" nPathComplexity="0" sequenceCoverage="100" branchCoverage="100" isConstructor="false" isStatic="false" isGetter="false" isSetter="true">
              <Summary numSequencePoints="1" visitedSequencePoints="1" numBranchPoints="1" visitedBranchPoints="1" sequenceCoverage="100" branchCoverage="100" maxCyclomaticComplexity="1" minCyclomaticComplexity="1" visitedClasses="0" numClasses="0" visitedMethods="1" numMethods="1" />
              <MetadataToken>100663306</MetadataToken>
              <Name>System.Void ConTabs.Column::set_Hide(System.Boolean)</Name>
              <FileRef uid="1" />
              <SequencePoints>
                <SequencePoint vc="25" uspid="10" ordinal="0" offset="0" sl="16" sc="33" el="16" ec="37" bec="0" bev="0" fileid="1" />
              </SequencePoints>
              <BranchPoints />
              <MethodPoint xsi:type="SequencePoint" vc="25" uspid="10" ordinal="0" offset="0" sl="16" sc="33" el="16" ec="37" bec="0" bev="0" fileid="1" />
            </Method>
            <Method visited="true" cyclomaticComplexity="1" nPathComplexity="0" sequenceCoverage="100" branchCoverage="100" isConstructor="false" isStatic="false" isGetter="true" isSetter="false">
              <Summary numSequencePoints="1" visitedSequencePoints="1" numBranchPoints="1" visitedBranchPoints="1" sequenceCoverage="100" branchCoverage="100" maxCyclomaticComplexity="1" minCyclomaticComplexity="1" visitedClasses="0" numClasses="0" visitedMethods="1" numMethods="1" />
              <MetadataToken>100663307</MetadataToken>
              <Name>ConTabs.LongStringBehaviour ConTabs.Column::get_LongStringBehaviour()</Name>
              <FileRef uid="1" />
              <SequencePoints>
                <SequencePoint vc="171" uspid="11" ordinal="0" offset="0" sl="17" sc="58" el="17" ec="62" bec="0" bev="0" fileid="1" />
              </SequencePoints>
              <BranchPoints />
              <MethodPoint xsi:type="SequencePoint" vc="171" uspid="11" ordinal="0" offset="0" sl="17" sc="58" el="17" ec="62" bec="0" bev="0" fileid="1" />
            </Method>
            <Method visited="true" cyclomaticComplexity="1" nPathComplexity="0" sequenceCoverage="100" branchCoverage="100" isConstructor="false" isStatic="false" isGetter="false" isSetter="true">
              <Summary numSequencePoints="1" visitedSequencePoints="1" numBranchPoints="1" visitedBranchPoints="1" sequenceCoverage="100" branchCoverage="100" maxCyclomaticComplexity="1" minCyclomaticComplexity="1" visitedClasses="0" numClasses="0" visitedMethods="1" numMethods="1" />
              <MetadataToken>100663308</MetadataToken>
              <Name>System.Void ConTabs.Column::set_LongStringBehaviour(ConTabs.LongStringBehaviour)</Name>
              <FileRef uid="1" />
              <SequencePoints>
                <SequencePoint vc="119" uspid="12" ordinal="0" offset="0" sl="17" sc="63" el="17" ec="67" bec="0" bev="0" fileid="1" />
              </SequencePoints>
              <BranchPoints />
              <MethodPoint xsi:type="SequencePoint" vc="119" uspid="12" ordinal="0" offset="0" sl="17" sc="63" el="17" ec="67" bec="0" bev="0" fileid="1" />
            </Method>
            <Method visited="true" cyclomaticComplexity="1" nPathComplexity="0" sequenceCoverage="100" branchCoverage="100" isConstructor="false" isStatic="false" isGetter="true" isSetter="false">
              <Summary numSequencePoints="1" visitedSequencePoints="1" numBranchPoints="1" visitedBranchPoints="1" sequenceCoverage="100" branchCoverage="100" maxCyclomaticComplexity="1" minCyclomaticComplexity="1" visitedClasses="0" numClasses="0" visitedMethods="1" numMethods="1" />
              <MetadataToken>100663309</MetadataToken>
              <Name>System.Collections.Generic.List`1&lt;System.Object&gt; ConTabs.Column::get_Values()</Name>
              <FileRef uid="1" />
              <SequencePoints>
                <SequencePoint vc="464" uspid="13" ordinal="0" offset="0" sl="19" sc="38" el="19" ec="42" bec="0" bev="0" fileid="1" />
              </SequencePoints>
              <BranchPoints />
              <MethodPoint xsi:type="SequencePoint" vc="464" uspid="13" ordinal="0" offset="0" sl="19" sc="38" el="19" ec="42" bec="0" bev="0" fileid="1" />
            </Method>
            <Method visited="true" cyclomaticComplexity="1" nPathComplexity="0" sequenceCoverage="100" branchCoverage="100" isConstructor="false" isStatic="false" isGetter="false" isSetter="true">
              <Summary numSequencePoints="1" visitedSequencePoints="1" numBranchPoints="1" visitedBranchPoints="1" sequenceCoverage="100" branchCoverage="100" maxCyclomaticComplexity="1" minCyclomaticComplexity="1" visitedClasses="0" numClasses="0" visitedMethods="1" numMethods="1" />
              <MetadataToken>100663310</MetadataToken>
              <Name>System.Void ConTabs.Column::set_Values(System.Collections.Generic.List`1&lt;System.Object&gt;)</Name>
              <FileRef uid="1" />
              <SequencePoints>
                <SequencePoint vc="89" uspid="14" ordinal="0" offset="0" sl="19" sc="43" el="19" ec="47" bec="0" bev="0" fileid="1" />
              </SequencePoints>
              <BranchPoints />
              <MethodPoint xsi:type="SequencePoint" vc="89" uspid="14" ordinal="0" offset="0" sl="19" sc="43" el="19" ec="47" bec="0" bev="0" fileid="1" />
            </Method>
            <Method visited="true" cyclomaticComplexity="5" nPathComplexity="4" sequenceCoverage="100" branchCoverage="100" isConstructor="false" isStatic="false" isGetter="true" isSetter="false">
              <Summary numSequencePoints="7" visitedSequencePoints="7" numBranchPoints="5" visitedBranchPoints="5" sequenceCoverage="100" branchCoverage="100" maxCyclomaticComplexity="5" minCyclomaticComplexity="5" visitedClasses="0" numClasses="0" visitedMethods="1" numMethods="1" />
              <MetadataToken>100663311</MetadataToken>
              <Name>System.Int32 ConTabs.Column::get_MaxWidth()</Name>
              <FileRef uid="1" />
              <SequencePoints>
                <SequencePoint vc="193" uspid="15" ordinal="0" offset="0" sl="23" sc="13" el="23" ec="14" bec="0" bev="0" fileid="1" />
                <SequencePoint vc="193" uspid="16" ordinal="1" offset="1" sl="24" sc="17" el="24" ec="59" bec="2" bev="2" fileid="1" />
                <SequencePoint vc="80" uspid="17" ordinal="2" offset="30" sl="24" sc="60" el="24" ec="85" bec="0" bev="0" fileid="1" />
                <SequencePoint vc="113" uspid="18" ordinal="3" offset="44" sl="26" sc="17" el="26" ec="51" bec="2" bev="2" fileid="1" />
                <SequencePoint vc="10" uspid="19" ordinal="4" offset="62" sl="26" sc="52" el="26" ec="85" bec="0" bev="0" fileid="1" />
                <SequencePoint vc="103" uspid="20" ordinal="5" offset="76" sl="28" sc="17" el="32" ec="24" bec="0" bev="0" fileid="1" />
                <SequencePoint vc="193" uspid="21" ordinal="6" offset="166" sl="33" sc="13" el="33" ec="14" bec="0" bev="0" fileid="1" />
              </SequencePoints>
              <BranchPoints>
                <BranchPoint vc="80" uspid="24" ordinal="2" offset="28" sl="24" path="0" offsetend="30" fileid="1" />
                <BranchPoint vc="113" uspid="25" ordinal="3" offset="28" sl="24" path="1" offsetend="44" fileid="1" />
                <BranchPoint vc="10" uspid="26" ordinal="4" offset="60" sl="26" path="0" offsetend="62" fileid="1" />
                <BranchPoint vc="103" uspid="27" ordinal="5" offset="60" sl="26" path="1" offsetend="76" fileid="1" />
              </BranchPoints>
              <MethodPoint xsi:type="SequencePoint" vc="193" uspid="15" ordinal="0" offset="0" sl="23" sc="13" el="23" ec="14" bec="0" bev="0" fileid="1" />
            </Method>
            <Method visited="true" cyclomaticComplexity="1" nPathComplexity="0" sequenceCoverage="100" branchCoverage="100" isConstructor="true" isStatic="false" isGetter="false" isSetter="false">
              <Summary numSequencePoints="7" visitedSequencePoints="7" numBranchPoints="1" visitedBranchPoints="1" sequenceCoverage="100" branchCoverage="100" maxCyclomaticComplexity="1" minCyclomaticComplexity="1" visitedClasses="0" numClasses="0" visitedMethods="1" numMethods="1" />
              <MetadataToken>100663312</MetadataToken>
              <Name>System.Void ConTabs.Column::.ctor(System.Type,System.String)</Name>
              <FileRef uid="1" />
              <SequencePoints>
                <SequencePoint vc="111" uspid="30" ordinal="0" offset="0" sl="36" sc="9" el="36" ec="46" bec="0" bev="0" fileid="1" />
                <SequencePoint vc="111" uspid="31" ordinal="1" offset="7" sl="37" sc="9" el="37" ec="10" bec="0" bev="0" fileid="1" />
                <SequencePoint vc="111" uspid="32" ordinal="2" offset="8" sl="38" sc="13" el="38" ec="63" bec="0" bev="0" fileid="1" />
                <SequencePoint vc="111" uspid="33" ordinal="3" offset="20" sl="39" sc="13" el="39" ec="40" bec="0" bev="0" fileid="1" />
                <SequencePoint vc="111" uspid="34" ordinal="4" offset="28" sl="40" sc="13" el="40" ec="40" bec="0" bev="0" fileid="1" />
                <SequencePoint vc="111" uspid="35" ordinal="5" offset="36" sl="41" sc="13" el="41" ec="40" bec="0" bev="0" fileid="1" />
                <SequencePoint vc="111" uspid="36" ordinal="6" offset="44" sl="42" sc="9" el="42" ec="10" bec="0" bev="0" fileid="1" />
              </SequencePoints>
              <BranchPoints />
              <MethodPoint xsi:type="SequencePoint" vc="111" uspid="30" ordinal="0" offset="0" sl="36" sc="9" el="36" ec="46" bec="0" bev="0" fileid="1" />
            </Method>
            <Method visited="true" cyclomaticComplexity="4" nPathComplexity="4" sequenceCoverage="100" branchCoverage="100" isConstructor="false" isStatic="false" isGetter="false" isSetter="false">
              <Summary numSequencePoints="13" visitedSequencePoints="13" numBranchPoints="5" visitedBranchPoints="5" sequenceCoverage="100" branchCoverage="100" maxCyclomaticComplexity="4" minCyclomaticComplexity="4" visitedClasses="0" numClasses="0" visitedMethods="1" numMethods="1" />
              <MetadataToken>100663313</MetadataToken>
              <Name>System.String ConTabs.Column::StringValForCol(System.Object)</Name>
              <FileRef uid="1" />
              <SequencePoints>
                <SequencePoint vc="155" uspid="37" ordinal="0" offset="0" sl="45" sc="9" el="45" ec="10" bec="0" bev="0" fileid="1" />
                <SequencePoint vc="155" uspid="38" ordinal="1" offset="1" sl="46" sc="13" el="46" ec="60" bec="0" bev="0" fileid="1" />
                <SequencePoint vc="155" uspid="39" ordinal="2" offset="14" sl="47" sc="13" el="47" ec="34" bec="2" bev="2" fileid="1" />
                <SequencePoint vc="47" uspid="40" ordinal="3" offset="27" sl="48" sc="13" el="48" ec="14" bec="0" bev="0" fileid="1" />
                <SequencePoint vc="47" uspid="41" ordinal="4" offset="28" sl="49" sc="17" el="49" ec="76" bec="0" bev="0" fileid="1" />
                <SequencePoint vc="108" uspid="42" ordinal="5" offset="48" sl="52" sc="13" el="52" ec="14" bec="0" bev="0" fileid="1" />
                <SequencePoint vc="108" uspid="43" ordinal="6" offset="49" sl="53" sc="17" el="58" ec="75" bec="0" bev="0" fileid="1" />
                <SequencePoint vc="108" uspid="44" ordinal="7" offset="102" sl="59" sc="17" el="59" ec="44" bec="2" bev="2" fileid="1" />
                <SequencePoint vc="14" uspid="45" ordinal="8" offset="115" sl="60" sc="17" el="60" ec="18" bec="0" bev="0" fileid="1" />
                <SequencePoint vc="14" uspid="46" ordinal="9" offset="116" sl="61" sc="21" el="61" ec="46" bec="0" bev="0" fileid="1" />
                <SequencePoint vc="94" uspid="47" ordinal="10" offset="125" sl="64" sc="17" el="64" ec="18" bec="0" bev="0" fileid="1" />
                <SequencePoint vc="94" uspid="48" ordinal="11" offset="126" sl="65" sc="21" el="65" ec="92" bec="0" bev="0" fileid="1" />
                <SequencePoint vc="155" uspid="49" ordinal="12" offset="156" sl="68" sc="9" el="68" ec="10" bec="0" bev="0" fileid="1" />
              </SequencePoints>
              <BranchPoints>
                <BranchPoint vc="47" uspid="50" ordinal="0" offset="25" sl="47" path="0" offsetend="27" fileid="1" />
                <BranchPoint vc="108" uspid="51" ordinal="1" offset="25" sl="47" path="1" offsetend="48" fileid="1" />
                <BranchPoint vc="14" uspid="54" ordinal="4" offset="113" sl="59" path="0" offsetend="115" fileid="1" />
                <BranchPoint vc="94" uspid="55" ordinal="5" offset="113" sl="59" path="1" offsetend="125" fileid="1" />
              </BranchPoints>
              <MethodPoint xsi:type="SequencePoint" vc="155" uspid="37" ordinal="0" offset="0" sl="45" sc="9" el="45" ec="10" bec="0" bev="0" fileid="1" />
            </Method>
            <Method visited="true" cyclomaticComplexity="1" nPathComplexity="0" sequenceCoverage="100" branchCoverage="100" isConstructor="false" isStatic="false" isGetter="false" isSetter="false">
              <Summary numSequencePoints="1" visitedSequencePoints="1" numBranchPoints="1" visitedBranchPoints="1" sequenceCoverage="100" branchCoverage="100" maxCyclomaticComplexity="1" minCyclomaticComplexity="1" visitedClasses="0" numClasses="0" visitedMethods="1" numMethods="1" />
              <MetadataToken>100663314</MetadataToken>
              <Name>System.String ConTabs.Column::&lt;get_MaxWidth&gt;b__29_0(System.Object)</Name>
              <FileRef uid="1" />
              <SequencePoints>
                <SequencePoint vc="121" uspid="56" ordinal="0" offset="0" sl="29" sc="30" el="29" ec="48" bec="0" bev="0" fileid="1" />
              </SequencePoints>
              <BranchPoints />
              <MethodPoint xsi:type="SequencePoint" vc="121" uspid="56" ordinal="0" offset="0" sl="29" sc="30" el="29" ec="48" bec="0" bev="0" fileid="1" />
            </Method>
          </Methods>
        </Class>
        <Class>
          <Summary numSequencePoints="2" visitedSequencePoints="2" numBranchPoints="2" visitedBranchPoints="2" sequenceCoverage="100" branchCoverage="100" maxCyclomaticComplexity="5" minCyclomaticComplexity="1" visitedClasses="1" numClasses="1" visitedMethods="2" numMethods="2" />
          <FullName>ConTabs.Column/&lt;&gt;c</FullName>
          <Methods>
            <Method visited="true" cyclomaticComplexity="1" nPathComplexity="0" sequenceCoverage="0" branchCoverage="0" isConstructor="true" isStatic="true" isGetter="false" isSetter="false">
              <Summary numSequencePoints="0" visitedSequencePoints="0" numBranchPoints="0" visitedBranchPoints="0" sequenceCoverage="0" branchCoverage="0" maxCyclomaticComplexity="1" minCyclomaticComplexity="1" visitedClasses="0" numClasses="0" visitedMethods="0" numMethods="0" />
              <MetadataToken>100663406</MetadataToken>
              <Name>System.Void ConTabs.Column/&lt;&gt;c::.cctor()</Name>
              <SequencePoints />
              <BranchPoints />
              <MethodPoint vc="1" uspid="57" ordinal="0" offset="0" />
            </Method>
            <Method visited="true" cyclomaticComplexity="1" nPathComplexity="0" sequenceCoverage="0" branchCoverage="0" isConstructor="true" isStatic="false" isGetter="false" isSetter="false">
              <Summary numSequencePoints="0" visitedSequencePoints="0" numBranchPoints="0" visitedBranchPoints="0" sequenceCoverage="0" branchCoverage="0" maxCyclomaticComplexity="1" minCyclomaticComplexity="1" visitedClasses="0" numClasses="0" visitedMethods="0" numMethods="0" />
              <MetadataToken>100663407</MetadataToken>
              <Name>System.Void ConTabs.Column/&lt;&gt;c::.ctor()</Name>
              <SequencePoints />
              <BranchPoints />
              <MethodPoint vc="1" uspid="58" ordinal="0" offset="0" />
            </Method>
            <Method visited="true" cyclomaticComplexity="1" nPathComplexity="0" sequenceCoverage="100" branchCoverage="100" isConstructor="false" isStatic="false" isGetter="false" isSetter="false">
              <Summary numSequencePoints="1" visitedSequencePoints="1" numBranchPoints="1" visitedBranchPoints="1" sequenceCoverage="100" branchCoverage="100" maxCyclomaticComplexity="1" minCyclomaticComplexity="1" visitedClasses="0" numClasses="0" visitedMethods="1" numMethods="1" />
              <MetadataToken>100663408</MetadataToken>
              <Name>System.Int32 ConTabs.Column/&lt;&gt;c::&lt;get_MaxWidth&gt;b__29_1(System.String)</Name>
              <FileRef uid="1" />
              <SequencePoints>
                <SequencePoint vc="224" uspid="59" ordinal="0" offset="0" sl="31" sc="30" el="31" ec="38" bec="0" bev="0" fileid="1" />
              </SequencePoints>
              <BranchPoints />
              <MethodPoint xsi:type="SequencePoint" vc="224" uspid="59" ordinal="0" offset="0" sl="31" sc="30" el="31" ec="38" bec="0" bev="0" fileid="1" />
            </Method>
            <Method visited="true" cyclomaticComplexity="5" nPathComplexity="0" sequenceCoverage="100" branchCoverage="100" isConstructor="false" isStatic="false" isGetter="false" isSetter="false">
              <Summary numSequencePoints="1" visitedSequencePoints="1" numBranchPoints="1" visitedBranchPoints="1" sequenceCoverage="100" branchCoverage="100" maxCyclomaticComplexity="5" minCyclomaticComplexity="5" visitedClasses="0" numClasses="0" visitedMethods="1" numMethods="1" />
              <MetadataToken>100663409</MetadataToken>
              <Name>System.Boolean ConTabs.Column/&lt;&gt;c::&lt;StringValForCol&gt;b__31_0(System.Reflection.MethodInfo)</Name>
              <FileRef uid="1" />
              <SequencePoints>
                <SequencePoint vc="2469" uspid="60" ordinal="0" offset="0" sl="54" sc="21" el="58" ec="73" bec="0" bev="0" fileid="1" />
              </SequencePoints>
              <BranchPoints />
              <MethodPoint xsi:type="SequencePoint" vc="2469" uspid="60" ordinal="0" offset="0" sl="54" sc="21" el="58" ec="73" bec="0" bev="0" fileid="1" />
            </Method>
          </Methods>
        </Class>
        <Class>
          <Summary numSequencePoints="30" visitedSequencePoints="30" numBranchPoints="10" visitedBranchPoints="10" sequenceCoverage="100" branchCoverage="100" maxCyclomaticComplexity="5" minCyclomaticComplexity="1" visitedClasses="1" numClasses="1" visitedMethods="4" numMethods="4" />
          <FullName>ConTabs.Columns</FullName>
          <Methods>
            <Method visited="true" cyclomaticComplexity="1" nPathComplexity="0" sequenceCoverage="100" branchCoverage="100" isConstructor="false" isStatic="false" isGetter="true" isSetter="false">
              <Summary numSequencePoints="7" visitedSequencePoints="7" numBranchPoints="1" visitedBranchPoints="1" sequenceCoverage="100" branchCoverage="100" maxCyclomaticComplexity="1" minCyclomaticComplexity="1" visitedClasses="0" numClasses="0" visitedMethods="1" numMethods="1" />
              <MetadataToken>100663316</MetadataToken>
              <Name>ConTabs.Column ConTabs.Columns::get_Item(System.Int32)</Name>
              <FileRef uid="3" />
              <SequencePoints>
                <SequencePoint vc="42" uspid="69" ordinal="0" offset="0" sl="16" sc="13" el="16" ec="14" bec="0" bev="0" fileid="3" />
                <SequencePoint vc="42" uspid="70" ordinal="1" offset="1" sl="18" sc="17" el="18" ec="18" bec="0" bev="0" fileid="3" />
                <SequencePoint vc="42" uspid="71" ordinal="2" offset="2" sl="19" sc="21" el="19" ec="40" bec="0" bev="0" fileid="3" />
                <SequencePoint vc="1" uspid="72" ordinal="3" offset="12" sl="21" sc="17" el="21" ec="22" bec="0" bev="0" fileid="3" />
                <SequencePoint vc="1" uspid="73" ordinal="4" offset="13" sl="22" sc="17" el="22" ec="18" bec="0" bev="0" fileid="3" />
                <SequencePoint vc="1" uspid="74" ordinal="5" offset="14" sl="23" sc="21" el="23" ec="62" bec="0" bev="0" fileid="3" />
                <SequencePoint vc="41" uspid="75" ordinal="6" offset="21" sl="25" sc="13" el="25" ec="14" bec="0" bev="0" fileid="3" />
              </SequencePoints>
              <BranchPoints />
              <MethodPoint xsi:type="SequencePoint" vc="42" uspid="69" ordinal="0" offset="0" sl="16" sc="13" el="16" ec="14" bec="0" bev="0" fileid="3" />
            </Method>
            <Method visited="true" cyclomaticComplexity="1" nPathComplexity="0" sequenceCoverage="100" branchCoverage="100" isConstructor="false" isStatic="false" isGetter="true" isSetter="false">
              <Summary numSequencePoints="3" visitedSequencePoints="3" numBranchPoints="1" visitedBranchPoints="1" sequenceCoverage="100" branchCoverage="100" maxCyclomaticComplexity="1" minCyclomaticComplexity="1" visitedClasses="0" numClasses="0" visitedMethods="1" numMethods="1" />
              <MetadataToken>100663317</MetadataToken>
              <Name>ConTabs.Column ConTabs.Columns::get_Item(System.String)</Name>
              <FileRef uid="3" />
              <SequencePoints>
                <SequencePoint vc="12" uspid="76" ordinal="0" offset="0" sl="31" sc="13" el="31" ec="14" bec="0" bev="0" fileid="3" />
                <SequencePoint vc="12" uspid="77" ordinal="1" offset="1" sl="32" sc="17" el="32" ec="44" bec="0" bev="0" fileid="3" />
                <SequencePoint vc="11" uspid="78" ordinal="2" offset="11" sl="33" sc="13" el="33" ec="14" bec="0" bev="0" fileid="3" />
              </SequencePoints>
              <BranchPoints />
              <MethodPoint xsi:type="SequencePoint" vc="12" uspid="76" ordinal="0" offset="0" sl="31" sc="13" el="31" ec="14" bec="0" bev="0" fileid="3" />
            </Method>
            <Method visited="true" cyclomaticComplexity="1" nPathComplexity="0" sequenceCoverage="100" branchCoverage="100" isConstructor="true" isStatic="false" isGetter="false" isSetter="false">
              <Summary numSequencePoints="4" visitedSequencePoints="4" numBranchPoints="1" visitedBranchPoints="1" sequenceCoverage="100" branchCoverage="100" maxCyclomaticComplexity="1" minCyclomaticComplexity="1" visitedClasses="0" numClasses="0" visitedMethods="1" numMethods="1" />
              <MetadataToken>100663315</MetadataToken>
              <Name>System.Void ConTabs.Columns::.ctor(System.Collections.Generic.List`1&lt;ConTabs.Column&gt;)</Name>
              <FileRef uid="3" />
              <SequencePoints>
                <SequencePoint vc="32" uspid="79" ordinal="0" offset="0" sl="8" sc="9" el="8" ec="45" bec="0" bev="0" fileid="3" />
                <SequencePoint vc="32" uspid="80" ordinal="1" offset="7" sl="9" sc="9" el="9" ec="10" bec="0" bev="0" fileid="3" />
                <SequencePoint vc="32" uspid="81" ordinal="2" offset="8" sl="10" sc="13" el="10" ec="31" bec="0" bev="0" fileid="3" />
                <SequencePoint vc="32" uspid="82" ordinal="3" offset="16" sl="11" sc="9" el="11" ec="10" bec="0" bev="0" fileid="3" />
              </SequencePoints>
              <BranchPoints />
              <MethodPoint xsi:type="SequencePoint" vc="32" uspid="79" ordinal="0" offset="0" sl="8" sc="9" el="8" ec="45" bec="0" bev="0" fileid="3" />
            </Method>
            <Method visited="true" cyclomaticComplexity="5" nPathComplexity="8" sequenceCoverage="100" branchCoverage="100" isConstructor="false" isStatic="false" isGetter="false" isSetter="false">
              <Summary numSequencePoints="16" visitedSequencePoints="16" numBranchPoints="7" visitedBranchPoints="7" sequenceCoverage="100" branchCoverage="100" maxCyclomaticComplexity="5" minCyclomaticComplexity="5" visitedClasses="0" numClasses="0" visitedMethods="1" numMethods="1" />
              <MetadataToken>100663318</MetadataToken>
              <Name>ConTabs.Column ConTabs.Columns::FindColByName(System.String)</Name>
              <FileRef uid="3" />
              <SequencePoints>
                <SequencePoint vc="12" uspid="83" ordinal="0" offset="0" sl="37" sc="9" el="37" ec="10" bec="0" bev="0" fileid="3" />
                <SequencePoint vc="12" uspid="84" ordinal="1" offset="1" sl="38" sc="13" el="38" ec="34" bec="0" bev="0" fileid="3" />
                <SequencePoint vc="12" uspid="85" ordinal="2" offset="3" sl="39" sc="13" el="39" ec="20" bec="0" bev="0" fileid="3" />
                <SequencePoint vc="12" uspid="86" ordinal="3" offset="4" sl="39" sc="33" el="39" ec="37" bec="0" bev="0" fileid="3" />
                <SequencePoint vc="36" uspid="87" ordinal="4" offset="13" sl="39" sc="22" el="39" ec="29" bec="0" bev="0" fileid="3" />
                <SequencePoint vc="36" uspid="88" ordinal="5" offset="21" sl="40" sc="13" el="40" ec="14" bec="0" bev="0" fileid="3" />
                <SequencePoint vc="36" uspid="89" ordinal="6" offset="22" sl="41" sc="17" el="41" ec="46" bec="2" bev="2" fileid="3" />
                <SequencePoint vc="10" uspid="90" ordinal="7" offset="38" sl="41" sc="47" el="41" ec="58" bec="0" bev="0" fileid="3" />
                <SequencePoint vc="26" uspid="91" ordinal="8" offset="43" sl="42" sc="17" el="42" ec="44" bec="2" bev="2" fileid="3" />
                <SequencePoint vc="1" uspid="92" ordinal="9" offset="61" sl="42" sc="45" el="42" ec="58" bec="0" bev="0" fileid="3" />
                <SequencePoint vc="26" uspid="93" ordinal="10" offset="63" sl="43" sc="13" el="43" ec="14" bec="0" bev="0" fileid="3" />
                <SequencePoint vc="38" uspid="94" ordinal="11" offset="64" sl="39" sc="30" el="39" ec="32" bec="0" bev="0" fileid="3" />
                <SequencePoint vc="2" uspid="95" ordinal="12" offset="90" sl="44" sc="13" el="44" ec="32" bec="2" bev="2" fileid="3" />
                <SequencePoint vc="1" uspid="96" ordinal="13" offset="100" sl="44" sc="33" el="44" ec="47" bec="0" bev="0" fileid="3" />
                <SequencePoint vc="1" uspid="97" ordinal="14" offset="105" sl="45" sc="13" el="45" ec="53" bec="0" bev="0" fileid="3" />
                <SequencePoint vc="11" uspid="98" ordinal="15" offset="112" sl="46" sc="9" el="46" ec="10" bec="0" bev="0" fileid="3" />
              </SequencePoints>
              <BranchPoints>
                <BranchPoint vc="10" uspid="99" ordinal="0" offset="36" sl="41" path="0" offsetend="38" fileid="3" />
                <BranchPoint vc="26" uspid="100" ordinal="1" offset="36" sl="41" path="1" offsetend="43" fileid="3" />
                <BranchPoint vc="1" uspid="101" ordinal="2" offset="59" sl="42" path="0" offsetend="61" fileid="3" />
                <BranchPoint vc="25" uspid="102" ordinal="3" offset="59" sl="42" path="1" offsetend="63" fileid="3" />
                <BranchPoint vc="1" uspid="105" ordinal="6" offset="98" sl="44" path="0" offsetend="100" fileid="3" />
                <BranchPoint vc="1" uspid="106" ordinal="7" offset="98" sl="44" path="1" offsetend="105" fileid="3" />
              </BranchPoints>
              <MethodPoint xsi:type="SequencePoint" vc="12" uspid="83" ordinal="0" offset="0" sl="37" sc="9" el="37" ec="10" bec="0" bev="0" fileid="3" />
            </Method>
          </Methods>
        </Class>
        <Class>
          <Summary numSequencePoints="71" visitedSequencePoints="44" numBranchPoints="25" visitedBranchPoints="16" sequenceCoverage="61.97" branchCoverage="64" maxCyclomaticComplexity="3" minCyclomaticComplexity="1" visitedClasses="1" numClasses="1" visitedMethods="12" numMethods="21" />
          <FullName>ConTabs.Corners</FullName>
          <Methods>
            <Method visited="false" cyclomaticComplexity="1" nPathComplexity="0" sequenceCoverage="0" branchCoverage="0" isConstructor="false" isStatic="false" isGetter="true" isSetter="false">
              <Summary numSequencePoints="3" visitedSequencePoints="0" numBranchPoints="1" visitedBranchPoints="0" sequenceCoverage="0" branchCoverage="0" maxCyclomaticComplexity="1" minCyclomaticComplexity="1" visitedClasses="0" numClasses="0" visitedMethods="0" numMethods="1" />
              <MetadataToken>100663319</MetadataToken>
              <Name>System.Char ConTabs.Corners::get_CornerTopLeft()</Name>
              <FileRef uid="4" />
              <SequencePoints>
                <SequencePoint vc="0" uspid="107" ordinal="0" offset="0" sl="20" sc="41" el="20" ec="42" bec="0" bev="0" fileid="4" />
                <SequencePoint vc="0" uspid="108" ordinal="1" offset="1" sl="20" sc="43" el="20" ec="68" bec="0" bev="0" fileid="4" />
                <SequencePoint vc="0" uspid="109" ordinal="2" offset="17" sl="20" sc="69" el="20" ec="70" bec="0" bev="0" fileid="4" />
              </SequencePoints>
              <BranchPoints />
              <MethodPoint xsi:type="SequencePoint" vc="0" uspid="107" ordinal="0" offset="0" sl="20" sc="41" el="20" ec="42" bec="0" bev="0" fileid="4" />
            </Method>
            <Method visited="true" cyclomaticComplexity="1" nPathComplexity="0" sequenceCoverage="100" branchCoverage="100" isConstructor="false" isStatic="false" isGetter="false" isSetter="true">
              <Summary numSequencePoints="3" visitedSequencePoints="3" numBranchPoints="1" visitedBranchPoints="1" sequenceCoverage="100" branchCoverage="100" maxCyclomaticComplexity="1" minCyclomaticComplexity="1" visitedClasses="0" numClasses="0" visitedMethods="1" numMethods="1" />
              <MetadataToken>100663320</MetadataToken>
              <Name>System.Void ConTabs.Corners::set_CornerTopLeft(System.Char)</Name>
              <FileRef uid="4" />
              <SequencePoints>
                <SequencePoint vc="2" uspid="110" ordinal="0" offset="0" sl="20" sc="75" el="20" ec="76" bec="0" bev="0" fileid="4" />
                <SequencePoint vc="2" uspid="111" ordinal="1" offset="1" sl="20" sc="77" el="20" ec="103" bec="0" bev="0" fileid="4" />
                <SequencePoint vc="2" uspid="112" ordinal="2" offset="15" sl="20" sc="104" el="20" ec="105" bec="0" bev="0" fileid="4" />
              </SequencePoints>
              <BranchPoints />
              <MethodPoint xsi:type="SequencePoint" vc="2" uspid="110" ordinal="0" offset="0" sl="20" sc="75" el="20" ec="76" bec="0" bev="0" fileid="4" />
            </Method>
            <Method visited="false" cyclomaticComplexity="1" nPathComplexity="0" sequenceCoverage="0" branchCoverage="0" isConstructor="false" isStatic="false" isGetter="true" isSetter="false">
              <Summary numSequencePoints="3" visitedSequencePoints="0" numBranchPoints="1" visitedBranchPoints="0" sequenceCoverage="0" branchCoverage="0" maxCyclomaticComplexity="1" minCyclomaticComplexity="1" visitedClasses="0" numClasses="0" visitedMethods="0" numMethods="1" />
              <MetadataToken>100663321</MetadataToken>
              <Name>System.Char ConTabs.Corners::get_CornerTopRight()</Name>
              <FileRef uid="4" />
              <SequencePoints>
                <SequencePoint vc="0" uspid="113" ordinal="0" offset="0" sl="21" sc="42" el="21" ec="43" bec="0" bev="0" fileid="4" />
                <SequencePoint vc="0" uspid="114" ordinal="1" offset="1" sl="21" sc="44" el="21" ec="69" bec="0" bev="0" fileid="4" />
                <SequencePoint vc="0" uspid="115" ordinal="2" offset="17" sl="21" sc="70" el="21" ec="71" bec="0" bev="0" fileid="4" />
              </SequencePoints>
              <BranchPoints />
              <MethodPoint xsi:type="SequencePoint" vc="0" uspid="113" ordinal="0" offset="0" sl="21" sc="42" el="21" ec="43" bec="0" bev="0" fileid="4" />
            </Method>
            <Method visited="true" cyclomaticComplexity="1" nPathComplexity="0" sequenceCoverage="100" branchCoverage="100" isConstructor="false" isStatic="false" isGetter="false" isSetter="true">
              <Summary numSequencePoints="3" visitedSequencePoints="3" numBranchPoints="1" visitedBranchPoints="1" sequenceCoverage="100" branchCoverage="100" maxCyclomaticComplexity="1" minCyclomaticComplexity="1" visitedClasses="0" numClasses="0" visitedMethods="1" numMethods="1" />
              <MetadataToken>100663322</MetadataToken>
              <Name>System.Void ConTabs.Corners::set_CornerTopRight(System.Char)</Name>
              <FileRef uid="4" />
              <SequencePoints>
                <SequencePoint vc="1" uspid="116" ordinal="0" offset="0" sl="21" sc="76" el="21" ec="77" bec="0" bev="0" fileid="4" />
                <SequencePoint vc="1" uspid="117" ordinal="1" offset="1" sl="21" sc="78" el="21" ec="104" bec="0" bev="0" fileid="4" />
                <SequencePoint vc="1" uspid="118" ordinal="2" offset="15" sl="21" sc="105" el="21" ec="106" bec="0" bev="0" fileid="4" />
              </SequencePoints>
              <BranchPoints />
              <MethodPoint xsi:type="SequencePoint" vc="1" uspid="116" ordinal="0" offset="0" sl="21" sc="76" el="21" ec="77" bec="0" bev="0" fileid="4" />
            </Method>
            <Method visited="false" cyclomaticComplexity="1" nPathComplexity="0" sequenceCoverage="0" branchCoverage="0" isConstructor="false" isStatic="false" isGetter="true" isSetter="false">
              <Summary numSequencePoints="3" visitedSequencePoints="0" numBranchPoints="1" visitedBranchPoints="0" sequenceCoverage="0" branchCoverage="0" maxCyclomaticComplexity="1" minCyclomaticComplexity="1" visitedClasses="0" numClasses="0" visitedMethods="0" numMethods="1" />
              <MetadataToken>100663323</MetadataToken>
              <Name>System.Char ConTabs.Corners::get_CornerBottomLeft()</Name>
              <FileRef uid="4" />
              <SequencePoints>
                <SequencePoint vc="0" uspid="119" ordinal="0" offset="0" sl="22" sc="44" el="22" ec="45" bec="0" bev="0" fileid="4" />
                <SequencePoint vc="0" uspid="120" ordinal="1" offset="1" sl="22" sc="46" el="22" ec="71" bec="0" bev="0" fileid="4" />
                <SequencePoint vc="0" uspid="121" ordinal="2" offset="17" sl="22" sc="72" el="22" ec="73" bec="0" bev="0" fileid="4" />
              </SequencePoints>
              <BranchPoints />
              <MethodPoint xsi:type="SequencePoint" vc="0" uspid="119" ordinal="0" offset="0" sl="22" sc="44" el="22" ec="45" bec="0" bev="0" fileid="4" />
            </Method>
            <Method visited="true" cyclomaticComplexity="1" nPathComplexity="0" sequenceCoverage="100" branchCoverage="100" isConstructor="false" isStatic="false" isGetter="false" isSetter="true">
              <Summary numSequencePoints="3" visitedSequencePoints="3" numBranchPoints="1" visitedBranchPoints="1" sequenceCoverage="100" branchCoverage="100" maxCyclomaticComplexity="1" minCyclomaticComplexity="1" visitedClasses="0" numClasses="0" visitedMethods="1" numMethods="1" />
              <MetadataToken>100663324</MetadataToken>
              <Name>System.Void ConTabs.Corners::set_CornerBottomLeft(System.Char)</Name>
              <FileRef uid="4" />
              <SequencePoints>
                <SequencePoint vc="1" uspid="122" ordinal="0" offset="0" sl="22" sc="78" el="22" ec="79" bec="0" bev="0" fileid="4" />
                <SequencePoint vc="1" uspid="123" ordinal="1" offset="1" sl="22" sc="80" el="22" ec="106" bec="0" bev="0" fileid="4" />
                <SequencePoint vc="1" uspid="124" ordinal="2" offset="15" sl="22" sc="107" el="22" ec="108" bec="0" bev="0" fileid="4" />
              </SequencePoints>
              <BranchPoints />
              <MethodPoint xsi:type="SequencePoint" vc="1" uspid="122" ordinal="0" offset="0" sl="22" sc="78" el="22" ec="79" bec="0" bev="0" fileid="4" />
            </Method>
            <Method visited="false" cyclomaticComplexity="1" nPathComplexity="0" sequenceCoverage="0" branchCoverage="0" isConstructor="false" isStatic="false" isGetter="true" isSetter="false">
              <Summary numSequencePoints="3" visitedSequencePoints="0" numBranchPoints="1" visitedBranchPoints="0" sequenceCoverage="0" branchCoverage="0" maxCyclomaticComplexity="1" minCyclomaticComplexity="1" visitedClasses="0" numClasses="0" visitedMethods="0" numMethods="1" />
              <MetadataToken>100663325</MetadataToken>
              <Name>System.Char ConTabs.Corners::get_CornerBottomRight()</Name>
              <FileRef uid="4" />
              <SequencePoints>
                <SequencePoint vc="0" uspid="125" ordinal="0" offset="0" sl="23" sc="45" el="23" ec="46" bec="0" bev="0" fileid="4" />
                <SequencePoint vc="0" uspid="126" ordinal="1" offset="1" sl="23" sc="47" el="23" ec="72" bec="0" bev="0" fileid="4" />
                <SequencePoint vc="0" uspid="127" ordinal="2" offset="17" sl="23" sc="73" el="23" ec="74" bec="0" bev="0" fileid="4" />
              </SequencePoints>
              <BranchPoints />
              <MethodPoint xsi:type="SequencePoint" vc="0" uspid="125" ordinal="0" offset="0" sl="23" sc="45" el="23" ec="46" bec="0" bev="0" fileid="4" />
            </Method>
            <Method visited="true" cyclomaticComplexity="1" nPathComplexity="0" sequenceCoverage="100" branchCoverage="100" isConstructor="false" isStatic="false" isGetter="false" isSetter="true">
              <Summary numSequencePoints="3" visitedSequencePoints="3" numBranchPoints="1" visitedBranchPoints="1" sequenceCoverage="100" branchCoverage="100" maxCyclomaticComplexity="1" minCyclomaticComplexity="1" visitedClasses="0" numClasses="0" visitedMethods="1" numMethods="1" />
              <MetadataToken>100663326</MetadataToken>
              <Name>System.Void ConTabs.Corners::set_CornerBottomRight(System.Char)</Name>
              <FileRef uid="4" />
              <SequencePoints>
                <SequencePoint vc="1" uspid="128" ordinal="0" offset="0" sl="23" sc="79" el="23" ec="80" bec="0" bev="0" fileid="4" />
                <SequencePoint vc="1" uspid="129" ordinal="1" offset="1" sl="23" sc="81" el="23" ec="107" bec="0" bev="0" fileid="4" />
                <SequencePoint vc="1" uspid="130" ordinal="2" offset="15" sl="23" sc="108" el="23" ec="109" bec="0" bev="0" fileid="4" />
              </SequencePoints>
              <BranchPoints />
              <MethodPoint xsi:type="SequencePoint" vc="1" uspid="128" ordinal="0" offset="0" sl="23" sc="79" el="23" ec="80" bec="0" bev="0" fileid="4" />
            </Method>
            <Method visited="false" cyclomaticComplexity="1" nPathComplexity="0" sequenceCoverage="0" branchCoverage="0" isConstructor="false" isStatic="false" isGetter="true" isSetter="false">
              <Summary numSequencePoints="3" visitedSequencePoints="0" numBranchPoints="1" visitedBranchPoints="0" sequenceCoverage="0" branchCoverage="0" maxCyclomaticComplexity="1" minCyclomaticComplexity="1" visitedClasses="0" numClasses="0" visitedMethods="0" numMethods="1" />
              <MetadataToken>100663327</MetadataToken>
              <Name>System.Char ConTabs.Corners::get_Intersection()</Name>
              <FileRef uid="4" />
              <SequencePoints>
                <SequencePoint vc="0" uspid="131" ordinal="0" offset="0" sl="25" sc="40" el="25" ec="41" bec="0" bev="0" fileid="4" />
                <SequencePoint vc="0" uspid="132" ordinal="1" offset="1" sl="25" sc="42" el="25" ec="67" bec="0" bev="0" fileid="4" />
                <SequencePoint vc="0" uspid="133" ordinal="2" offset="17" sl="25" sc="68" el="25" ec="69" bec="0" bev="0" fileid="4" />
              </SequencePoints>
              <BranchPoints />
              <MethodPoint xsi:type="SequencePoint" vc="0" uspid="131" ordinal="0" offset="0" sl="25" sc="40" el="25" ec="41" bec="0" bev="0" fileid="4" />
            </Method>
            <Method visited="true" cyclomaticComplexity="1" nPathComplexity="0" sequenceCoverage="100" branchCoverage="100" isConstructor="false" isStatic="false" isGetter="false" isSetter="true">
              <Summary numSequencePoints="3" visitedSequencePoints="3" numBranchPoints="1" visitedBranchPoints="1" sequenceCoverage="100" branchCoverage="100" maxCyclomaticComplexity="1" minCyclomaticComplexity="1" visitedClasses="0" numClasses="0" visitedMethods="1" numMethods="1" />
              <MetadataToken>100663328</MetadataToken>
              <Name>System.Void ConTabs.Corners::set_Intersection(System.Char)</Name>
              <FileRef uid="4" />
              <SequencePoints>
                <SequencePoint vc="1" uspid="134" ordinal="0" offset="0" sl="25" sc="74" el="25" ec="75" bec="0" bev="0" fileid="4" />
                <SequencePoint vc="1" uspid="135" ordinal="1" offset="1" sl="25" sc="76" el="25" ec="102" bec="0" bev="0" fileid="4" />
                <SequencePoint vc="1" uspid="136" ordinal="2" offset="15" sl="25" sc="103" el="25" ec="104" bec="0" bev="0" fileid="4" />
              </SequencePoints>
              <BranchPoints />
              <MethodPoint xsi:type="SequencePoint" vc="1" uspid="134" ordinal="0" offset="0" sl="25" sc="74" el="25" ec="75" bec="0" bev="0" fileid="4" />
            </Method>
            <Method visited="false" cyclomaticComplexity="1" nPathComplexity="0" sequenceCoverage="0" branchCoverage="0" isConstructor="false" isStatic="false" isGetter="true" isSetter="false">
              <Summary numSequencePoints="3" visitedSequencePoints="0" numBranchPoints="1" visitedBranchPoints="0" sequenceCoverage="0" branchCoverage="0" maxCyclomaticComplexity="1" minCyclomaticComplexity="1" visitedClasses="0" numClasses="0" visitedMethods="0" numMethods="1" />
              <MetadataToken>100663329</MetadataToken>
              <Name>System.Char ConTabs.Corners::get_TeeNoUp()</Name>
              <FileRef uid="4" />
              <SequencePoints>
                <SequencePoint vc="0" uspid="137" ordinal="0" offset="0" sl="26" sc="35" el="26" ec="36" bec="0" bev="0" fileid="4" />
                <SequencePoint vc="0" uspid="138" ordinal="1" offset="1" sl="26" sc="37" el="26" ec="62" bec="0" bev="0" fileid="4" />
                <SequencePoint vc="0" uspid="139" ordinal="2" offset="17" sl="26" sc="63" el="26" ec="64" bec="0" bev="0" fileid="4" />
              </SequencePoints>
              <BranchPoints />
              <MethodPoint xsi:type="SequencePoint" vc="0" uspid="137" ordinal="0" offset="0" sl="26" sc="35" el="26" ec="36" bec="0" bev="0" fileid="4" />
            </Method>
            <Method visited="true" cyclomaticComplexity="1" nPathComplexity="0" sequenceCoverage="100" branchCoverage="100" isConstructor="false" isStatic="false" isGetter="false" isSetter="true">
              <Summary numSequencePoints="3" visitedSequencePoints="3" numBranchPoints="1" visitedBranchPoints="1" sequenceCoverage="100" branchCoverage="100" maxCyclomaticComplexity="1" minCyclomaticComplexity="1" visitedClasses="0" numClasses="0" visitedMethods="1" numMethods="1" />
              <MetadataToken>100663330</MetadataToken>
              <Name>System.Void ConTabs.Corners::set_TeeNoUp(System.Char)</Name>
              <FileRef uid="4" />
              <SequencePoints>
                <SequencePoint vc="1" uspid="140" ordinal="0" offset="0" sl="26" sc="69" el="26" ec="70" bec="0" bev="0" fileid="4" />
                <SequencePoint vc="1" uspid="141" ordinal="1" offset="1" sl="26" sc="71" el="26" ec="97" bec="0" bev="0" fileid="4" />
                <SequencePoint vc="1" uspid="142" ordinal="2" offset="15" sl="26" sc="98" el="26" ec="99" bec="0" bev="0" fileid="4" />
              </SequencePoints>
              <BranchPoints />
              <MethodPoint xsi:type="SequencePoint" vc="1" uspid="140" ordinal="0" offset="0" sl="26" sc="69" el="26" ec="70" bec="0" bev="0" fileid="4" />
            </Method>
            <Method visited="false" cyclomaticComplexity="1" nPathComplexity="0" sequenceCoverage="0" branchCoverage="0" isConstructor="false" isStatic="false" isGetter="true" isSetter="false">
              <Summary numSequencePoints="3" visitedSequencePoints="0" numBranchPoints="1" visitedBranchPoints="0" sequenceCoverage="0" branchCoverage="0" maxCyclomaticComplexity="1" minCyclomaticComplexity="1" visitedClasses="0" numClasses="0" visitedMethods="0" numMethods="1" />
              <MetadataToken>100663331</MetadataToken>
              <Name>System.Char ConTabs.Corners::get_TeeNoRight()</Name>
              <FileRef uid="4" />
              <SequencePoints>
                <SequencePoint vc="0" uspid="143" ordinal="0" offset="0" sl="27" sc="38" el="27" ec="39" bec="0" bev="0" fileid="4" />
                <SequencePoint vc="0" uspid="144" ordinal="1" offset="1" sl="27" sc="40" el="27" ec="65" bec="0" bev="0" fileid="4" />
                <SequencePoint vc="0" uspid="145" ordinal="2" offset="17" sl="27" sc="66" el="27" ec="67" bec="0" bev="0" fileid="4" />
              </SequencePoints>
              <BranchPoints />
              <MethodPoint xsi:type="SequencePoint" vc="0" uspid="143" ordinal="0" offset="0" sl="27" sc="38" el="27" ec="39" bec="0" bev="0" fileid="4" />
            </Method>
            <Method visited="true" cyclomaticComplexity="1" nPathComplexity="0" sequenceCoverage="100" branchCoverage="100" isConstructor="false" isStatic="false" isGetter="false" isSetter="true">
              <Summary numSequencePoints="3" visitedSequencePoints="3" numBranchPoints="1" visitedBranchPoints="1" sequenceCoverage="100" branchCoverage="100" maxCyclomaticComplexity="1" minCyclomaticComplexity="1" visitedClasses="0" numClasses="0" visitedMethods="1" numMethods="1" />
              <MetadataToken>100663332</MetadataToken>
              <Name>System.Void ConTabs.Corners::set_TeeNoRight(System.Char)</Name>
              <FileRef uid="4" />
              <SequencePoints>
                <SequencePoint vc="1" uspid="146" ordinal="0" offset="0" sl="27" sc="72" el="27" ec="73" bec="0" bev="0" fileid="4" />
                <SequencePoint vc="1" uspid="147" ordinal="1" offset="1" sl="27" sc="74" el="27" ec="100" bec="0" bev="0" fileid="4" />
                <SequencePoint vc="1" uspid="148" ordinal="2" offset="15" sl="27" sc="101" el="27" ec="102" bec="0" bev="0" fileid="4" />
              </SequencePoints>
              <BranchPoints />
              <MethodPoint xsi:type="SequencePoint" vc="1" uspid="146" ordinal="0" offset="0" sl="27" sc="72" el="27" ec="73" bec="0" bev="0" fileid="4" />
            </Method>
            <Method visited="false" cyclomaticComplexity="1" nPathComplexity="0" sequenceCoverage="0" branchCoverage="0" isConstructor="false" isStatic="false" isGetter="true" isSetter="false">
              <Summary numSequencePoints="3" visitedSequencePoints="0" numBranchPoints="1" visitedBranchPoints="0" sequenceCoverage="0" branchCoverage="0" maxCyclomaticComplexity="1" minCyclomaticComplexity="1" visitedClasses="0" numClasses="0" visitedMethods="0" numMethods="1" />
              <MetadataToken>100663333</MetadataToken>
              <Name>System.Char ConTabs.Corners::get_TeeNoDown()</Name>
              <FileRef uid="4" />
              <SequencePoints>
                <SequencePoint vc="0" uspid="149" ordinal="0" offset="0" sl="28" sc="37" el="28" ec="38" bec="0" bev="0" fileid="4" />
                <SequencePoint vc="0" uspid="150" ordinal="1" offset="1" sl="28" sc="39" el="28" ec="64" bec="0" bev="0" fileid="4" />
                <SequencePoint vc="0" uspid="151" ordinal="2" offset="17" sl="28" sc="65" el="28" ec="66" bec="0" bev="0" fileid="4" />
              </SequencePoints>
              <BranchPoints />
              <MethodPoint xsi:type="SequencePoint" vc="0" uspid="149" ordinal="0" offset="0" sl="28" sc="37" el="28" ec="38" bec="0" bev="0" fileid="4" />
            </Method>
            <Method visited="true" cyclomaticComplexity="1" nPathComplexity="0" sequenceCoverage="100" branchCoverage="100" isConstructor="false" isStatic="false" isGetter="false" isSetter="true">
              <Summary numSequencePoints="3" visitedSequencePoints="3" numBranchPoints="1" visitedBranchPoints="1" sequenceCoverage="100" branchCoverage="100" maxCyclomaticComplexity="1" minCyclomaticComplexity="1" visitedClasses="0" numClasses="0" visitedMethods="1" numMethods="1" />
              <MetadataToken>100663334</MetadataToken>
              <Name>System.Void ConTabs.Corners::set_TeeNoDown(System.Char)</Name>
              <FileRef uid="4" />
              <SequencePoints>
                <SequencePoint vc="1" uspid="152" ordinal="0" offset="0" sl="28" sc="71" el="28" ec="72" bec="0" bev="0" fileid="4" />
                <SequencePoint vc="1" uspid="153" ordinal="1" offset="1" sl="28" sc="73" el="28" ec="99" bec="0" bev="0" fileid="4" />
                <SequencePoint vc="1" uspid="154" ordinal="2" offset="15" sl="28" sc="100" el="28" ec="101" bec="0" bev="0" fileid="4" />
              </SequencePoints>
              <BranchPoints />
              <MethodPoint xsi:type="SequencePoint" vc="1" uspid="152" ordinal="0" offset="0" sl="28" sc="71" el="28" ec="72" bec="0" bev="0" fileid="4" />
            </Method>
            <Method visited="false" cyclomaticComplexity="1" nPathComplexity="0" sequenceCoverage="0" branchCoverage="0" isConstructor="false" isStatic="false" isGetter="true" isSetter="false">
              <Summary numSequencePoints="3" visitedSequencePoints="0" numBranchPoints="1" visitedBranchPoints="0" sequenceCoverage="0" branchCoverage="0" maxCyclomaticComplexity="1" minCyclomaticComplexity="1" visitedClasses="0" numClasses="0" visitedMethods="0" numMethods="1" />
              <MetadataToken>100663335</MetadataToken>
              <Name>System.Char ConTabs.Corners::get_TeeNoLeft()</Name>
              <FileRef uid="4" />
              <SequencePoints>
                <SequencePoint vc="0" uspid="155" ordinal="0" offset="0" sl="29" sc="37" el="29" ec="38" bec="0" bev="0" fileid="4" />
                <SequencePoint vc="0" uspid="156" ordinal="1" offset="1" sl="29" sc="39" el="29" ec="64" bec="0" bev="0" fileid="4" />
                <SequencePoint vc="0" uspid="157" ordinal="2" offset="17" sl="29" sc="65" el="29" ec="66" bec="0" bev="0" fileid="4" />
              </SequencePoints>
              <BranchPoints />
              <MethodPoint xsi:type="SequencePoint" vc="0" uspid="155" ordinal="0" offset="0" sl="29" sc="37" el="29" ec="38" bec="0" bev="0" fileid="4" />
            </Method>
            <Method visited="true" cyclomaticComplexity="1" nPathComplexity="0" sequenceCoverage="100" branchCoverage="100" isConstructor="false" isStatic="false" isGetter="false" isSetter="true">
              <Summary numSequencePoints="3" visitedSequencePoints="3" numBranchPoints="1" visitedBranchPoints="1" sequenceCoverage="100" branchCoverage="100" maxCyclomaticComplexity="1" minCyclomaticComplexity="1" visitedClasses="0" numClasses="0" visitedMethods="1" numMethods="1" />
              <MetadataToken>100663336</MetadataToken>
              <Name>System.Void ConTabs.Corners::set_TeeNoLeft(System.Char)</Name>
              <FileRef uid="4" />
              <SequencePoints>
                <SequencePoint vc="1" uspid="158" ordinal="0" offset="0" sl="29" sc="71" el="29" ec="72" bec="0" bev="0" fileid="4" />
                <SequencePoint vc="1" uspid="159" ordinal="1" offset="1" sl="29" sc="73" el="29" ec="99" bec="0" bev="0" fileid="4" />
                <SequencePoint vc="1" uspid="160" ordinal="2" offset="15" sl="29" sc="100" el="29" ec="101" bec="0" bev="0" fileid="4" />
              </SequencePoints>
              <BranchPoints />
              <MethodPoint xsi:type="SequencePoint" vc="1" uspid="158" ordinal="0" offset="0" sl="29" sc="71" el="29" ec="72" bec="0" bev="0" fileid="4" />
            </Method>
            <Method visited="true" cyclomaticComplexity="1" nPathComplexity="0" sequenceCoverage="100" branchCoverage="100" isConstructor="false" isStatic="false" isGetter="true" isSetter="false">
              <Summary numSequencePoints="3" visitedSequencePoints="3" numBranchPoints="1" visitedBranchPoints="1" sequenceCoverage="100" branchCoverage="100" maxCyclomaticComplexity="1" minCyclomaticComplexity="1" visitedClasses="0" numClasses="0" visitedMethods="1" numMethods="1" />
              <MetadataToken>100663337</MetadataToken>
              <Name>System.Char ConTabs.Corners::get_Item(System.Int32,System.Int32)</Name>
              <FileRef uid="4" />
              <SequencePoints>
                <SequencePoint vc="168" uspid="161" ordinal="0" offset="0" sl="34" sc="13" el="34" ec="14" bec="0" bev="0" fileid="4" />
                <SequencePoint vc="168" uspid="162" ordinal="1" offset="1" sl="35" sc="17" el="35" ec="42" bec="0" bev="0" fileid="4" />
                <SequencePoint vc="168" uspid="163" ordinal="2" offset="17" sl="36" sc="13" el="36" ec="14" bec="0" bev="0" fileid="4" />
              </SequencePoints>
              <BranchPoints />
              <MethodPoint xsi:type="SequencePoint" vc="168" uspid="161" ordinal="0" offset="0" sl="34" sc="13" el="34" ec="14" bec="0" bev="0" fileid="4" />
            </Method>
            <Method visited="true" cyclomaticComplexity="3" nPathComplexity="4" sequenceCoverage="100" branchCoverage="100" isConstructor="false" isStatic="false" isGetter="false" isSetter="false">
              <Summary numSequencePoints="13" visitedSequencePoints="13" numBranchPoints="5" visitedBranchPoints="5" sequenceCoverage="100" branchCoverage="100" maxCyclomaticComplexity="3" minCyclomaticComplexity="3" visitedClasses="0" numClasses="0" visitedMethods="1" numMethods="1" />
              <MetadataToken>100663338</MetadataToken>
              <Name>System.Void ConTabs.Corners::SetAllCorners(System.Char)</Name>
              <FileRef uid="4" />
              <SequencePoints>
                <SequencePoint vc="37" uspid="164" ordinal="0" offset="0" sl="40" sc="9" el="40" ec="10" bec="0" bev="0" fileid="4" />
                <SequencePoint vc="37" uspid="165" ordinal="1" offset="1" sl="41" sc="17" el="41" ec="24" bec="0" bev="0" fileid="4" />
                <SequencePoint vc="111" uspid="166" ordinal="2" offset="5" sl="42" sc="13" el="42" ec="14" bec="0" bev="0" fileid="4" />
                <SequencePoint vc="111" uspid="167" ordinal="3" offset="6" sl="43" sc="21" el="43" ec="29" bec="0" bev="0" fileid="4" />
                <SequencePoint vc="333" uspid="168" ordinal="4" offset="10" sl="44" sc="17" el="44" ec="18" bec="0" bev="0" fileid="4" />
                <SequencePoint vc="333" uspid="169" ordinal="5" offset="11" sl="45" sc="21" el="45" ec="48" bec="0" bev="0" fileid="4" />
                <SequencePoint vc="333" uspid="170" ordinal="6" offset="25" sl="46" sc="17" el="46" ec="18" bec="0" bev="0" fileid="4" />
                <SequencePoint vc="333" uspid="171" ordinal="7" offset="26" sl="43" sc="57" el="43" ec="60" bec="0" bev="0" fileid="4" />
                <SequencePoint vc="444" uspid="172" ordinal="8" offset="30" sl="43" sc="30" el="43" ec="56" bec="2" bev="2" fileid="4" />
                <SequencePoint vc="111" uspid="173" ordinal="9" offset="49" sl="47" sc="13" el="47" ec="14" bec="0" bev="0" fileid="4" />
                <SequencePoint vc="111" uspid="174" ordinal="10" offset="50" sl="41" sc="52" el="41" ec="55" bec="0" bev="0" fileid="4" />
                <SequencePoint vc="148" uspid="175" ordinal="11" offset="54" sl="41" sc="25" el="41" ec="51" bec="2" bev="2" fileid="4" />
                <SequencePoint vc="37" uspid="176" ordinal="12" offset="73" sl="48" sc="9" el="48" ec="10" bec="0" bev="0" fileid="4" />
              </SequencePoints>
              <BranchPoints>
                <BranchPoint vc="111" uspid="177" ordinal="0" offset="47" sl="43" path="0" offsetend="49" fileid="4" />
                <BranchPoint vc="333" uspid="178" ordinal="1" offset="47" sl="43" path="1" offsetend="10" fileid="4" />
                <BranchPoint vc="37" uspid="179" ordinal="2" offset="71" sl="41" path="0" offsetend="73" fileid="4" />
[...]
              <BranchPoints />
            </Method>
            <Method skippedDueTo="Attribute" visited="false" cyclomaticComplexity="1" nPathComplexity="0" sequenceCoverage="0" branchCoverage="0" isConstructor="false" isStatic="false" isGetter="false" isSetter="true">
              <MetadataToken>100663387</MetadataToken>
              <Name>System.Void ConTabs.Style::set_CornerBottomLeft(System.Char)</Name>
              <FileRef uid="14" />
              <SequencePoints />
              <BranchPoints />
            </Method>
            <Method skippedDueTo="Attribute" visited="false" cyclomaticComplexity="1" nPathComplexity="0" sequenceCoverage="0" branchCoverage="0" isConstructor="false" isStatic="false" isGetter="true" isSetter="false">
              <MetadataToken>100663388</MetadataToken>
              <Name>System.Char ConTabs.Style::get_CornerBottomRight()</Name>
              <FileRef uid="14" />
              <SequencePoints />
              <BranchPoints />
            </Method>
            <Method skippedDueTo="Attribute" visited="false" cyclomaticComplexity="1" nPathComplexity="0" sequenceCoverage="0" branchCoverage="0" isConstructor="false" isStatic="false" isGetter="false" isSetter="true">
              <MetadataToken>100663389</MetadataToken>
              <Name>System.Void ConTabs.Style::set_CornerBottomRight(System.Char)</Name>
              <FileRef uid="14" />
              <SequencePoints />
              <BranchPoints />
            </Method>
            <Method skippedDueTo="Attribute" visited="false" cyclomaticComplexity="1" nPathComplexity="0" sequenceCoverage="0" branchCoverage="0" isConstructor="false" isStatic="false" isGetter="true" isSetter="false">
              <MetadataToken>100663390</MetadataToken>
              <Name>System.Char ConTabs.Style::get_Intersection()</Name>
              <FileRef uid="14" />
              <SequencePoints />
              <BranchPoints />
            </Method>
            <Method skippedDueTo="Attribute" visited="false" cyclomaticComplexity="1" nPathComplexity="0" sequenceCoverage="0" branchCoverage="0" isConstructor="false" isStatic="false" isGetter="false" isSetter="true">
              <MetadataToken>100663391</MetadataToken>
              <Name>System.Void ConTabs.Style::set_Intersection(System.Char)</Name>
              <FileRef uid="14" />
              <SequencePoints />
              <BranchPoints />
            </Method>
            <Method skippedDueTo="Attribute" visited="false" cyclomaticComplexity="1" nPathComplexity="0" sequenceCoverage="0" branchCoverage="0" isConstructor="false" isStatic="false" isGetter="true" isSetter="false">
              <MetadataToken>100663392</MetadataToken>
              <Name>System.Char ConTabs.Style::get_TeeNoUp()</Name>
              <FileRef uid="14" />
              <SequencePoints />
              <BranchPoints />
            </Method>
            <Method skippedDueTo="Attribute" visited="false" cyclomaticComplexity="1" nPathComplexity="0" sequenceCoverage="0" branchCoverage="0" isConstructor="false" isStatic="false" isGetter="false" isSetter="true">
              <MetadataToken>100663393</MetadataToken>
              <Name>System.Void ConTabs.Style::set_TeeNoUp(System.Char)</Name>
              <FileRef uid="14" />
              <SequencePoints />
              <BranchPoints />
            </Method>
            <Method skippedDueTo="Attribute" visited="false" cyclomaticComplexity="1" nPathComplexity="0" sequenceCoverage="0" branchCoverage="0" isConstructor="false" isStatic="false" isGetter="true" isSetter="false">
              <MetadataToken>100663394</MetadataToken>
              <Name>System.Char ConTabs.Style::get_TeeNoRight()</Name>
              <FileRef uid="14" />
              <SequencePoints />
              <BranchPoints />
            </Method>
            <Method skippedDueTo="Attribute" visited="false" cyclomaticComplexity="1" nPathComplexity="0" sequenceCoverage="0" branchCoverage="0" isConstructor="false" isStatic="false" isGetter="false" isSetter="true">
              <MetadataToken>100663395</MetadataToken>
              <Name>System.Void ConTabs.Style::set_TeeNoRight(System.Char)</Name>
              <FileRef uid="14" />
              <SequencePoints />
              <BranchPoints />
            </Method>
            <Method skippedDueTo="Attribute" visited="false" cyclomaticComplexity="1" nPathComplexity="0" sequenceCoverage="0" branchCoverage="0" isConstructor="false" isStatic="false" isGetter="true" isSetter="false">
              <MetadataToken>100663396</MetadataToken>
              <Name>System.Char ConTabs.Style::get_TeeNoDown()</Name>
              <FileRef uid="14" />
              <SequencePoints />
              <BranchPoints />
            </Method>
            <Method skippedDueTo="Attribute" visited="false" cyclomaticComplexity="1" nPathComplexity="0" sequenceCoverage="0" branchCoverage="0" isConstructor="false" isStatic="false" isGetter="false" isSetter="true">
              <MetadataToken>100663397</MetadataToken>
              <Name>System.Void ConTabs.Style::set_TeeNoDown(System.Char)</Name>
              <FileRef uid="14" />
              <SequencePoints />
              <BranchPoints />
            </Method>
            <Method skippedDueTo="Attribute" visited="false" cyclomaticComplexity="1" nPathComplexity="0" sequenceCoverage="0" branchCoverage="0" isConstructor="false" isStatic="false" isGetter="true" isSetter="false">
              <MetadataToken>100663398</MetadataToken>
              <Name>System.Char ConTabs.Style::get_TeeNoLeft()</Name>
              <FileRef uid="14" />
              <SequencePoints />
              <BranchPoints />
            </Method>
            <Method skippedDueTo="Attribute" visited="false" cyclomaticComplexity="1" nPathComplexity="0" sequenceCoverage="0" branchCoverage="0" isConstructor="false" isStatic="false" isGetter="false" isSetter="true">
              <MetadataToken>100663399</MetadataToken>
              <Name>System.Void ConTabs.Style::set_TeeNoLeft(System.Char)</Name>
              <FileRef uid="14" />
              <SequencePoints />
              <BranchPoints />
            </Method>
            <Method visited="true" cyclomaticComplexity="1" nPathComplexity="0" sequenceCoverage="100" branchCoverage="100" isConstructor="true" isStatic="false" isGetter="false" isSetter="false">
              <Summary numSequencePoints="7" visitedSequencePoints="7" numBranchPoints="1" visitedBranchPoints="1" sequenceCoverage="100" branchCoverage="100" maxCyclomaticComplexity="1" minCyclomaticComplexity="1" visitedClasses="0" numClasses="0" visitedMethods="1" numMethods="1" />
              <MetadataToken>100663377</MetadataToken>
              <Name>System.Void ConTabs.Style::.ctor(System.Char,System.Char,System.Char)</Name>
              <FileRef uid="14" />
              <SequencePoints>
                <SequencePoint vc="37" uspid="518" ordinal="0" offset="0" sl="13" sc="9" el="13" ec="58" bec="0" bev="0" fileid="14" />
                <SequencePoint vc="37" uspid="519" ordinal="1" offset="7" sl="14" sc="9" el="14" ec="10" bec="0" bev="0" fileid="14" />
                <SequencePoint vc="37" uspid="520" ordinal="2" offset="8" sl="15" sc="13" el="15" ec="25" bec="0" bev="0" fileid="14" />
                <SequencePoint vc="37" uspid="521" ordinal="3" offset="16" sl="16" sc="13" el="16" ec="27" bec="0" bev="0" fileid="14" />
                <SequencePoint vc="37" uspid="522" ordinal="4" offset="24" sl="18" sc="13" el="18" ec="37" bec="0" bev="0" fileid="14" />
                <SequencePoint vc="37" uspid="523" ordinal="5" offset="36" sl="19" sc="13" el="19" ec="44" bec="0" bev="0" fileid="14" />
                <SequencePoint vc="37" uspid="524" ordinal="6" offset="49" sl="20" sc="9" el="20" ec="10" bec="0" bev="0" fileid="14" />
              </SequencePoints>
              <BranchPoints />
              <MethodPoint xsi:type="SequencePoint" vc="37" uspid="518" ordinal="0" offset="0" sl="13" sc="9" el="13" ec="58" bec="0" bev="0" fileid="14" />
            </Method>
            <Method visited="true" cyclomaticComplexity="1" nPathComplexity="0" sequenceCoverage="100" branchCoverage="100" isConstructor="true" isStatic="false" isGetter="false" isSetter="false">
              <Summary numSequencePoints="6" visitedSequencePoints="6" numBranchPoints="1" visitedBranchPoints="1" sequenceCoverage="100" branchCoverage="100" maxCyclomaticComplexity="1" minCyclomaticComplexity="1" visitedClasses="0" numClasses="0" visitedMethods="1" numMethods="1" />
              <MetadataToken>100663378</MetadataToken>
              <Name>System.Void ConTabs.Style::.ctor(System.Char,System.Char,ConTabs.Corners)</Name>
              <FileRef uid="14" />
              <SequencePoints>
                <SequencePoint vc="1" uspid="525" ordinal="0" offset="0" sl="22" sc="9" el="22" ec="61" bec="0" bev="0" fileid="14" />
                <SequencePoint vc="1" uspid="526" ordinal="1" offset="7" sl="23" sc="9" el="23" ec="10" bec="0" bev="0" fileid="14" />
                <SequencePoint vc="1" uspid="527" ordinal="2" offset="8" sl="24" sc="13" el="24" ec="25" bec="0" bev="0" fileid="14" />
                <SequencePoint vc="1" uspid="528" ordinal="3" offset="16" sl="25" sc="13" el="25" ec="27" bec="0" bev="0" fileid="14" />
                <SequencePoint vc="1" uspid="529" ordinal="4" offset="24" sl="26" sc="13" el="26" ec="31" bec="0" bev="0" fileid="14" />
                <SequencePoint vc="1" uspid="530" ordinal="5" offset="32" sl="27" sc="9" el="27" ec="10" bec="0" bev="0" fileid="14" />
              </SequencePoints>
              <BranchPoints />
              <MethodPoint xsi:type="SequencePoint" vc="1" uspid="525" ordinal="0" offset="0" sl="22" sc="9" el="22" ec="61" bec="0" bev="0" fileid="14" />
            </Method>
            <Method skippedDueTo="Attribute" visited="false" cyclomaticComplexity="1" nPathComplexity="0" sequenceCoverage="0" branchCoverage="0" isConstructor="true" isStatic="false" isGetter="false" isSetter="false">
              <MetadataToken>100663400</MetadataToken>
              <Name>System.Void ConTabs.Style::.ctor(System.Char,System.Char,System.Char,System.Char,System.Char,System.Char,System.Char,System.Char,System.Char,System.Char,System.Char)</Name>
              <FileRef uid="14" />
              <SequencePoints />
              <BranchPoints />
            </Method>
          </Methods>
        </Class>
        <Class>
          <Summary numSequencePoints="18" visitedSequencePoints="18" numBranchPoints="5" visitedBranchPoints="5" sequenceCoverage="100" branchCoverage="100" maxCyclomaticComplexity="2" minCyclomaticComplexity="1" visitedClasses="1" numClasses="1" visitedMethods="3" numMethods="3" />
          <FullName>ConTabs.Exceptions.ColumnNotFoundException</FullName>
          <Methods>
            <Method visited="true" cyclomaticComplexity="2" nPathComplexity="2" sequenceCoverage="100" branchCoverage="100" isConstructor="false" isStatic="false" isGetter="true" isSetter="false">
              <Summary numSequencePoints="7" visitedSequencePoints="7" numBranchPoints="3" visitedBranchPoints="3" sequenceCoverage="100" branchCoverage="100" maxCyclomaticComplexity="2" minCyclomaticComplexity="2" visitedClasses="0" numClasses="0" visitedMethods="1" numMethods="1" />
              <MetadataToken>100663403</MetadataToken>
              <Name>System.String ConTabs.Exceptions.ColumnNotFoundException::get_Message()</Name>
              <FileRef uid="15" />
              <SequencePoints>
                <SequencePoint vc="2" uspid="531" ordinal="0" offset="0" sl="25" sc="13" el="25" ec="14" bec="0" bev="0" fileid="15" />
                <SequencePoint vc="2" uspid="532" ordinal="1" offset="1" sl="26" sc="17" el="26" ec="28" bec="2" bev="2" fileid="15" />
                <SequencePoint vc="1" uspid="533" ordinal="2" offset="11" sl="27" sc="17" el="27" ec="18" bec="0" bev="0" fileid="15" />
                <SequencePoint vc="1" uspid="534" ordinal="3" offset="12" sl="28" sc="21" el="28" ec="76" bec="0" bev="0" fileid="15" />
                <SequencePoint vc="1" uspid="535" ordinal="4" offset="31" sl="31" sc="17" el="31" ec="18" bec="0" bev="0" fileid="15" />
                <SequencePoint vc="1" uspid="536" ordinal="5" offset="32" sl="32" sc="21" el="32" ec="71" bec="0" bev="0" fileid="15" />
                <SequencePoint vc="2" uspid="537" ordinal="6" offset="56" sl="34" sc="13" el="34" ec="14" bec="0" bev="0" fileid="15" />
              </SequencePoints>
              <BranchPoints>
                <BranchPoint vc="1" uspid="538" ordinal="0" offset="9" sl="26" path="0" offsetend="11" fileid="15" />
                <BranchPoint vc="1" uspid="539" ordinal="1" offset="9" sl="26" path="1" offsetend="31" fileid="15" />
              </BranchPoints>
              <MethodPoint xsi:type="SequencePoint" vc="2" uspid="531" ordinal="0" offset="0" sl="25" sc="13" el="25" ec="14" bec="0" bev="0" fileid="15" />
            </Method>
            <Method visited="true" cyclomaticComplexity="1" nPathComplexity="0" sequenceCoverage="100" branchCoverage="100" isConstructor="true" isStatic="false" isGetter="false" isSetter="false">
              <Summary numSequencePoints="5" visitedSequencePoints="5" numBranchPoints="1" visitedBranchPoints="1" sequenceCoverage="100" branchCoverage="100" maxCyclomaticComplexity="1" minCyclomaticComplexity="1" visitedClasses="0" numClasses="0" visitedMethods="1" numMethods="1" />
              <MetadataToken>100663401</MetadataToken>
              <Name>System.Void ConTabs.Exceptions.ColumnNotFoundException::.ctor(System.Int32)</Name>
              <FileRef uid="15" />
              <SequencePoints>
                <SequencePoint vc="1" uspid="540" ordinal="0" offset="0" sl="7" sc="9" el="7" ec="46" bec="0" bev="0" fileid="15" />
                <SequencePoint vc="1" uspid="541" ordinal="1" offset="7" sl="11" sc="9" el="11" ec="50" bec="0" bev="0" fileid="15" />
                <SequencePoint vc="1" uspid="542" ordinal="2" offset="14" sl="12" sc="9" el="12" ec="10" bec="0" bev="0" fileid="15" />
                <SequencePoint vc="1" uspid="543" ordinal="3" offset="15" sl="13" sc="13" el="13" ec="28" bec="0" bev="0" fileid="15" />
                <SequencePoint vc="1" uspid="544" ordinal="4" offset="22" sl="14" sc="9" el="14" ec="10" bec="0" bev="0" fileid="15" />
              </SequencePoints>
              <BranchPoints />
              <MethodPoint xsi:type="SequencePoint" vc="1" uspid="540" ordinal="0" offset="0" sl="7" sc="9" el="7" ec="46" bec="0" bev="0" fileid="15" />
            </Method>
            <Method visited="true" cyclomaticComplexity="1" nPathComplexity="0" sequenceCoverage="100" branchCoverage="100" isConstructor="true" isStatic="false" isGetter="false" isSetter="false">
              <Summary numSequencePoints="6" visitedSequencePoints="6" numBranchPoints="1" visitedBranchPoints="1" sequenceCoverage="100" branchCoverage="100" maxCyclomaticComplexity="1" minCyclomaticComplexity="1" visitedClasses="0" numClasses="0" visitedMethods="1" numMethods="1" />
              <MetadataToken>100663402</MetadataToken>
              <Name>System.Void ConTabs.Exceptions.ColumnNotFoundException::.ctor(System.String)</Name>
              <FileRef uid="15" />
              <SequencePoints>
                <SequencePoint vc="1" uspid="545" ordinal="0" offset="0" sl="7" sc="9" el="7" ec="46" bec="0" bev="0" fileid="15" />
                <SequencePoint vc="1" uspid="546" ordinal="1" offset="7" sl="16" sc="9" el="16" ec="58" bec="0" bev="0" fileid="15" />
                <SequencePoint vc="1" uspid="547" ordinal="2" offset="14" sl="17" sc="9" el="17" ec="10" bec="0" bev="0" fileid="15" />
                <SequencePoint vc="1" uspid="548" ordinal="3" offset="15" sl="18" sc="13" el="18" ec="35" bec="0" bev="0" fileid="15" />
                <SequencePoint vc="1" uspid="549" ordinal="4" offset="22" sl="19" sc="13" el="19" ec="27" bec="0" bev="0" fileid="15" />
                <SequencePoint vc="1" uspid="550" ordinal="5" offset="29" sl="20" sc="9" el="20" ec="10" bec="0" bev="0" fileid="15" />
              </SequencePoints>
              <BranchPoints />
              <MethodPoint xsi:type="SequencePoint" vc="1" uspid="545" ordinal="0" offset="0" sl="7" sc="9" el="7" ec="46" bec="0" bev="0" fileid="15" />
            </Method>
          </Methods>
        </Class>
        <Class>
          <Summary numSequencePoints="1" visitedSequencePoints="1" numBranchPoints="1" visitedBranchPoints="1" sequenceCoverage="100" branchCoverage="100" maxCyclomaticComplexity="1" minCyclomaticComplexity="1" visitedClasses="1" numClasses="1" visitedMethods="1" numMethods="1" />
          <FullName>ConTabs.Exceptions.PublicPropertiesNotFoundException</FullName>
          <Methods>
            <Method visited="true" cyclomaticComplexity="1" nPathComplexity="0" sequenceCoverage="100" branchCoverage="100" isConstructor="false" isStatic="false" isGetter="true" isSetter="false">
              <Summary numSequencePoints="1" visitedSequencePoints="1" numBranchPoints="1" visitedBranchPoints="1" sequenceCoverage="100" branchCoverage="100" maxCyclomaticComplexity="1" minCyclomaticComplexity="1" visitedClasses="0" numClasses="0" visitedMethods="1" numMethods="1" />
              <MetadataToken>100663404</MetadataToken>
              <Name>System.String ConTabs.Exceptions.PublicPropertiesNotFoundException::get_Message()</Name>
              <FileRef uid="16" />
              <SequencePoints>
                <SequencePoint vc="1" uspid="551" ordinal="0" offset="0" sl="8" sc="13" el="8" ec="97" bec="0" bev="0" fileid="16" />
              </SequencePoints>
              <BranchPoints />
              <MethodPoint xsi:type="SequencePoint" vc="1" uspid="551" ordinal="0" offset="0" sl="8" sc="13" el="8" ec="97" bec="0" bev="0" fileid="16" />
            </Method>
            <Method visited="true" cyclomaticComplexity="1" nPathComplexity="0" sequenceCoverage="0" branchCoverage="0" isConstructor="true" isStatic="false" isGetter="false" isSetter="false">
              <Summary numSequencePoints="0" visitedSequencePoints="0" numBranchPoints="0" visitedBranchPoints="0" sequenceCoverage="0" branchCoverage="0" maxCyclomaticComplexity="1" minCyclomaticComplexity="1" visitedClasses="0" numClasses="0" visitedMethods="0" numMethods="0" />
              <MetadataToken>100663405</MetadataToken>
              <Name>System.Void ConTabs.Exceptions.PublicPropertiesNotFoundException::.ctor()</Name>
              <SequencePoints />
              <BranchPoints />
              <MethodPoint vc="2" uspid="552" ordinal="0" offset="0" />
            </Method>
          </Methods>
        </Class>
        <Class>
          <Summary numSequencePoints="0" visitedSequencePoints="0" numBranchPoints="0" visitedBranchPoints="0" sequenceCoverage="0" branchCoverage="0" maxCyclomaticComplexity="0" minCyclomaticComplexity="0" visitedClasses="0" numClasses="0" visitedMethods="0" numMethods="0" />
          <FullName>&lt;PrivateImplementationDetails&gt;</FullName>
          <Methods />
        </Class>
      </Classes>
    </Module>
    <Module skippedDueTo="Filter" hash="A2-EF-99-29-27-F3-3D-B6-99-16-2E-41-26-9B-DF-F2-54-8D-BA-81">
      <ModulePath>C:\Users\tom\OneDrive\Documents\Visual Studio 2017\Projects\contabs\ConTabs.Tests\bin\debug\Shouldly.dll</ModulePath>
      <ModuleTime>2017-04-07T08:51:56Z</ModuleTime>
      <ModuleName>Shouldly</ModuleName>
      <Classes />
    </Module>
    <Module skippedDueTo="Filter" hash="31-D7-B7-E6-9C-40-3C-A4-23-F6-67-C3-29-C8-5B-BB-BE-F2-39-F6">
      <ModulePath>C:\WINDOWS\Microsoft.Net\assembly\GAC_MSIL\System.Linq\v4.0_4.0.0.0__b03f5f7f11d50a3a\System.Linq.dll</ModulePath>
      <ModuleTime>2017-03-18T20:59:44.0562844Z</ModuleTime>
      <ModuleName>System.Linq</ModuleName>
      <Classes />
    </Module>
  </Modules>
</CoverageSession>